{"/Volumes/App/btps-sdk/src/index.ts": {"path":"/Volumes/App/btps-sdk/src/index.ts","all":true,"statementMap":{"0":{"start":{"line":1,"column":0},"end":{"line":1,"column":52}},"1":{"start":{"line":2,"column":0},"end":{"line":2,"column":37}},"2":{"start":{"line":3,"column":0},"end":{"line":3,"column":52}}},"s":{"0":0,"1":0,"2":0},"branchMap":{"0":{"type":"branch","line":1,"loc":{"start":{"line":1,"column":143},"end":{"line":3,"column":52}},"locations":[{"start":{"line":1,"column":143},"end":{"line":3,"column":52}}]}},"b":{"0":[0]},"fnMap":{"0":{"name":"(empty-report)","decl":{"start":{"line":1,"column":143},"end":{"line":3,"column":52}},"loc":{"start":{"line":1,"column":143},"end":{"line":3,"column":52}},"line":1}},"f":{"0":0}}
,"/Volumes/App/btps-sdk/src/client/btpsClient.ts": {"path":"/Volumes/App/btps-sdk/src/client/btpsClient.ts","all":false,"statementMap":{"0":{"start":{"line":1,"column":0},"end":{"line":1,"column":56}},"1":{"start":{"line":2,"column":0},"end":{"line":2,"column":38}},"2":{"start":{"line":3,"column":0},"end":{"line":3,"column":28}},"3":{"start":{"line":4,"column":0},"end":{"line":4,"column":86}},"11":{"start":{"line":12,"column":0},"end":{"line":12,"column":8}},"16":{"start":{"line":17,"column":0},"end":{"line":17,"column":40}},"17":{"start":{"line":18,"column":0},"end":{"line":18,"column":71}},"20":{"start":{"line":21,"column":0},"end":{"line":21,"column":25}},"21":{"start":{"line":22,"column":0},"end":{"line":22,"column":29}},"22":{"start":{"line":23,"column":0},"end":{"line":23,"column":39}},"23":{"start":{"line":24,"column":0},"end":{"line":24,"column":22}},"24":{"start":{"line":25,"column":0},"end":{"line":25,"column":43}},"25":{"start":{"line":26,"column":0},"end":{"line":26,"column":29}},"26":{"start":{"line":27,"column":0},"end":{"line":27,"column":28}},"28":{"start":{"line":29,"column":0},"end":{"line":29,"column":52}},"30":{"start":{"line":31,"column":0},"end":{"line":31,"column":91}},"31":{"start":{"line":32,"column":0},"end":{"line":32,"column":17}},"32":{"start":{"line":33,"column":0},"end":{"line":33,"column":64}},"33":{"start":{"line":34,"column":0},"end":{"line":34,"column":7}},"35":{"start":{"line":36,"column":0},"end":{"line":36,"column":27}},"37":{"start":{"line":38,"column":0},"end":{"line":38,"column":25}},"38":{"start":{"line":39,"column":0},"end":{"line":39,"column":89}},"39":{"start":{"line":40,"column":0},"end":{"line":40,"column":34}},"40":{"start":{"line":41,"column":0},"end":{"line":41,"column":86}},"41":{"start":{"line":42,"column":0},"end":{"line":42,"column":19}},"42":{"start":{"line":43,"column":0},"end":{"line":43,"column":9}},"43":{"start":{"line":44,"column":0},"end":{"line":44,"column":13}},"44":{"start":{"line":45,"column":0},"end":{"line":45,"column":5}},"46":{"start":{"line":47,"column":0},"end":{"line":47,"column":49}},"47":{"start":{"line":48,"column":0},"end":{"line":48,"column":23}},"48":{"start":{"line":49,"column":0},"end":{"line":49,"column":37}},"49":{"start":{"line":50,"column":0},"end":{"line":50,"column":7}},"51":{"start":{"line":52,"column":0},"end":{"line":52,"column":43}},"52":{"start":{"line":53,"column":0},"end":{"line":53,"column":70}},"53":{"start":{"line":54,"column":0},"end":{"line":54,"column":87}},"54":{"start":{"line":55,"column":0},"end":{"line":55,"column":9}},"55":{"start":{"line":56,"column":0},"end":{"line":56,"column":5}},"57":{"start":{"line":58,"column":0},"end":{"line":58,"column":38}},"58":{"start":{"line":59,"column":0},"end":{"line":59,"column":54}},"59":{"start":{"line":60,"column":0},"end":{"line":60,"column":44}},"60":{"start":{"line":61,"column":0},"end":{"line":61,"column":53}},"61":{"start":{"line":62,"column":0},"end":{"line":62,"column":71}},"62":{"start":{"line":63,"column":0},"end":{"line":63,"column":7}},"64":{"start":{"line":65,"column":0},"end":{"line":65,"column":33}},"65":{"start":{"line":66,"column":0},"end":{"line":66,"column":39}},"66":{"start":{"line":67,"column":0},"end":{"line":67,"column":37}},"67":{"start":{"line":68,"column":0},"end":{"line":68,"column":71}},"68":{"start":{"line":69,"column":0},"end":{"line":69,"column":7}},"70":{"start":{"line":71,"column":0},"end":{"line":71,"column":61}},"71":{"start":{"line":72,"column":0},"end":{"line":72,"column":11}},"72":{"start":{"line":73,"column":0},"end":{"line":73,"column":56}},"73":{"start":{"line":74,"column":0},"end":{"line":74,"column":28}},"74":{"start":{"line":75,"column":0},"end":{"line":75,"column":42}},"75":{"start":{"line":76,"column":0},"end":{"line":76,"column":27}},"76":{"start":{"line":77,"column":0},"end":{"line":77,"column":19}},"77":{"start":{"line":78,"column":0},"end":{"line":78,"column":58}},"78":{"start":{"line":79,"column":0},"end":{"line":79,"column":78}},"79":{"start":{"line":80,"column":0},"end":{"line":80,"column":7}},"80":{"start":{"line":81,"column":0},"end":{"line":81,"column":7}},"82":{"start":{"line":83,"column":0},"end":{"line":83,"column":35}},"83":{"start":{"line":84,"column":0},"end":{"line":84,"column":47}},"84":{"start":{"line":85,"column":0},"end":{"line":85,"column":56}},"85":{"start":{"line":86,"column":0},"end":{"line":86,"column":36}},"86":{"start":{"line":87,"column":0},"end":{"line":87,"column":16}},"87":{"start":{"line":88,"column":0},"end":{"line":88,"column":38}},"88":{"start":{"line":89,"column":0},"end":{"line":89,"column":11}},"89":{"start":{"line":90,"column":0},"end":{"line":90,"column":9}},"90":{"start":{"line":91,"column":0},"end":{"line":91,"column":7}},"91":{"start":{"line":92,"column":0},"end":{"line":92,"column":3}},"93":{"start":{"line":94,"column":0},"end":{"line":94,"column":55}},"94":{"start":{"line":95,"column":0},"end":{"line":95,"column":52}},"95":{"start":{"line":96,"column":0},"end":{"line":96,"column":52}},"96":{"start":{"line":97,"column":0},"end":{"line":97,"column":43}},"98":{"start":{"line":99,"column":0},"end":{"line":99,"column":19}},"99":{"start":{"line":100,"column":0},"end":{"line":100,"column":22}},"100":{"start":{"line":101,"column":0},"end":{"line":101,"column":31}},"101":{"start":{"line":102,"column":0},"end":{"line":102,"column":14}},"102":{"start":{"line":103,"column":0},"end":{"line":103,"column":3}},"104":{"start":{"line":105,"column":0},"end":{"line":105,"column":81}},"105":{"start":{"line":106,"column":0},"end":{"line":106,"column":42}},"106":{"start":{"line":107,"column":0},"end":{"line":107,"column":3}},"108":{"start":{"line":109,"column":0},"end":{"line":109,"column":68}},"110":{"start":{"line":111,"column":0},"end":{"line":111,"column":25}},"111":{"start":{"line":112,"column":0},"end":{"line":112,"column":43}},"112":{"start":{"line":113,"column":0},"end":{"line":113,"column":79}},"113":{"start":{"line":114,"column":0},"end":{"line":114,"column":8}},"114":{"start":{"line":115,"column":0},"end":{"line":115,"column":5}},"116":{"start":{"line":117,"column":0},"end":{"line":117,"column":9}},"117":{"start":{"line":118,"column":0},"end":{"line":118,"column":70}},"118":{"start":{"line":119,"column":0},"end":{"line":119,"column":22}},"119":{"start":{"line":120,"column":0},"end":{"line":120,"column":88}},"121":{"start":{"line":122,"column":0},"end":{"line":122,"column":75}},"122":{"start":{"line":123,"column":0},"end":{"line":123,"column":30}},"123":{"start":{"line":124,"column":0},"end":{"line":124,"column":45}},"124":{"start":{"line":125,"column":0},"end":{"line":125,"column":88}},"125":{"start":{"line":126,"column":0},"end":{"line":126,"column":10}},"126":{"start":{"line":127,"column":0},"end":{"line":127,"column":7}},"128":{"start":{"line":129,"column":0},"end":{"line":129,"column":64}},"130":{"start":{"line":131,"column":0},"end":{"line":131,"column":64}},"131":{"start":{"line":132,"column":0},"end":{"line":132,"column":36}},"133":{"start":{"line":134,"column":0},"end":{"line":134,"column":100}},"134":{"start":{"line":135,"column":0},"end":{"line":135,"column":46}},"135":{"start":{"line":136,"column":0},"end":{"line":136,"column":80}},"136":{"start":{"line":137,"column":0},"end":{"line":137,"column":76}},"138":{"start":{"line":139,"column":0},"end":{"line":139,"column":62}},"139":{"start":{"line":140,"column":0},"end":{"line":140,"column":50}},"140":{"start":{"line":141,"column":0},"end":{"line":141,"column":54}},"141":{"start":{"line":142,"column":0},"end":{"line":142,"column":37}},"142":{"start":{"line":143,"column":0},"end":{"line":143,"column":13}},"143":{"start":{"line":144,"column":0},"end":{"line":144,"column":13}},"145":{"start":{"line":146,"column":0},"end":{"line":146,"column":41}},"146":{"start":{"line":147,"column":0},"end":{"line":147,"column":35}},"147":{"start":{"line":148,"column":0},"end":{"line":148,"column":57}},"148":{"start":{"line":149,"column":0},"end":{"line":149,"column":13}},"150":{"start":{"line":151,"column":0},"end":{"line":151,"column":56}},"152":{"start":{"line":153,"column":0},"end":{"line":153,"column":49}},"153":{"start":{"line":154,"column":0},"end":{"line":154,"column":90}},"154":{"start":{"line":155,"column":0},"end":{"line":155,"column":13}},"156":{"start":{"line":157,"column":0},"end":{"line":157,"column":13}},"158":{"start":{"line":159,"column":0},"end":{"line":159,"column":47}},"159":{"start":{"line":160,"column":0},"end":{"line":160,"column":49}},"160":{"start":{"line":161,"column":0},"end":{"line":161,"column":22}},"161":{"start":{"line":162,"column":0},"end":{"line":162,"column":46}},"162":{"start":{"line":163,"column":0},"end":{"line":163,"column":41}},"163":{"start":{"line":164,"column":0},"end":{"line":164,"column":76}},"164":{"start":{"line":165,"column":0},"end":{"line":165,"column":21}},"165":{"start":{"line":166,"column":0},"end":{"line":166,"column":18}},"166":{"start":{"line":167,"column":0},"end":{"line":167,"column":16}},"167":{"start":{"line":168,"column":0},"end":{"line":168,"column":13}},"169":{"start":{"line":170,"column":0},"end":{"line":170,"column":13}},"170":{"start":{"line":171,"column":0},"end":{"line":171,"column":11}},"171":{"start":{"line":172,"column":0},"end":{"line":172,"column":9}},"172":{"start":{"line":173,"column":0},"end":{"line":173,"column":28}},"173":{"start":{"line":174,"column":0},"end":{"line":174,"column":79}},"174":{"start":{"line":175,"column":0},"end":{"line":175,"column":5}},"175":{"start":{"line":176,"column":0},"end":{"line":176,"column":3}},"177":{"start":{"line":178,"column":0},"end":{"line":178,"column":36}},"178":{"start":{"line":179,"column":0},"end":{"line":179,"column":29}},"179":{"start":{"line":180,"column":0},"end":{"line":180,"column":45}},"180":{"start":{"line":181,"column":0},"end":{"line":181,"column":68}},"181":{"start":{"line":182,"column":0},"end":{"line":182,"column":94}},"182":{"start":{"line":183,"column":0},"end":{"line":183,"column":49}},"183":{"start":{"line":184,"column":0},"end":{"line":184,"column":24}},"184":{"start":{"line":185,"column":0},"end":{"line":185,"column":14}},"185":{"start":{"line":186,"column":0},"end":{"line":186,"column":27}},"186":{"start":{"line":187,"column":0},"end":{"line":187,"column":58}},"187":{"start":{"line":188,"column":0},"end":{"line":188,"column":62}},"188":{"start":{"line":189,"column":0},"end":{"line":189,"column":11}},"189":{"start":{"line":190,"column":0},"end":{"line":190,"column":8}},"190":{"start":{"line":191,"column":0},"end":{"line":191,"column":5}},"192":{"start":{"line":193,"column":0},"end":{"line":193,"column":29}},"193":{"start":{"line":194,"column":0},"end":{"line":194,"column":9}},"194":{"start":{"line":195,"column":0},"end":{"line":195,"column":63}},"195":{"start":{"line":196,"column":0},"end":{"line":196,"column":19}},"196":{"start":{"line":197,"column":0},"end":{"line":197,"column":32}},"197":{"start":{"line":198,"column":0},"end":{"line":198,"column":6}},"198":{"start":{"line":199,"column":0},"end":{"line":199,"column":3}},"200":{"start":{"line":201,"column":0},"end":{"line":201,"column":52}},"201":{"start":{"line":202,"column":0},"end":{"line":202,"column":32}},"202":{"start":{"line":203,"column":0},"end":{"line":203,"column":27}},"204":{"start":{"line":205,"column":0},"end":{"line":205,"column":9}},"205":{"start":{"line":206,"column":0},"end":{"line":206,"column":70}},"206":{"start":{"line":207,"column":0},"end":{"line":207,"column":53}},"207":{"start":{"line":208,"column":0},"end":{"line":208,"column":26}},"209":{"start":{"line":210,"column":0},"end":{"line":210,"column":50}},"210":{"start":{"line":211,"column":0},"end":{"line":211,"column":24}},"211":{"start":{"line":212,"column":0},"end":{"line":212,"column":84}},"212":{"start":{"line":213,"column":0},"end":{"line":213,"column":9}},"213":{"start":{"line":214,"column":0},"end":{"line":214,"column":7}},"214":{"start":{"line":215,"column":0},"end":{"line":215,"column":15}},"215":{"start":{"line":216,"column":0},"end":{"line":216,"column":30}},"216":{"start":{"line":217,"column":0},"end":{"line":217,"column":5}},"217":{"start":{"line":218,"column":0},"end":{"line":218,"column":3}},"219":{"start":{"line":220,"column":0},"end":{"line":220,"column":59}},"220":{"start":{"line":221,"column":0},"end":{"line":221,"column":52}},"221":{"start":{"line":222,"column":0},"end":{"line":222,"column":46}},"223":{"start":{"line":224,"column":0},"end":{"line":224,"column":98}},"224":{"start":{"line":225,"column":0},"end":{"line":225,"column":24}},"225":{"start":{"line":226,"column":0},"end":{"line":226,"column":5}},"227":{"start":{"line":228,"column":0},"end":{"line":228,"column":12}},"228":{"start":{"line":229,"column":0},"end":{"line":229,"column":16}},"229":{"start":{"line":230,"column":0},"end":{"line":230,"column":65}},"230":{"start":{"line":231,"column":0},"end":{"line":231,"column":28}},"231":{"start":{"line":232,"column":0},"end":{"line":232,"column":6}},"232":{"start":{"line":233,"column":0},"end":{"line":233,"column":3}},"234":{"start":{"line":235,"column":0},"end":{"line":235,"column":54}},"235":{"start":{"line":236,"column":0},"end":{"line":236,"column":76}},"236":{"start":{"line":237,"column":0},"end":{"line":237,"column":32}},"237":{"start":{"line":238,"column":0},"end":{"line":238,"column":25}},"238":{"start":{"line":239,"column":0},"end":{"line":239,"column":29}},"239":{"start":{"line":240,"column":0},"end":{"line":240,"column":38}},"240":{"start":{"line":241,"column":0},"end":{"line":241,"column":18}},"241":{"start":{"line":242,"column":0},"end":{"line":242,"column":6}},"242":{"start":{"line":243,"column":0},"end":{"line":243,"column":48}},"243":{"start":{"line":244,"column":0},"end":{"line":244,"column":3}},"245":{"start":{"line":246,"column":0},"end":{"line":246,"column":15}},"246":{"start":{"line":247,"column":0},"end":{"line":247,"column":23}},"247":{"start":{"line":248,"column":0},"end":{"line":248,"column":3}},"249":{"start":{"line":250,"column":0},"end":{"line":250,"column":19}},"250":{"start":{"line":251,"column":0},"end":{"line":251,"column":26}},"251":{"start":{"line":252,"column":0},"end":{"line":252,"column":32}},"252":{"start":{"line":253,"column":0},"end":{"line":253,"column":27}},"253":{"start":{"line":254,"column":0},"end":{"line":254,"column":38}},"254":{"start":{"line":255,"column":0},"end":{"line":255,"column":3}},"255":{"start":{"line":256,"column":0},"end":{"line":256,"column":1}}},"s":{"0":1,"1":1,"2":1,"3":1,"11":1,"16":1,"17":1,"20":1,"21":27,"22":27,"23":27,"24":27,"25":27,"26":27,"28":27,"30":27,"31":17,"32":15,"33":15,"35":17,"37":17,"38":1,"39":1,"40":1,"41":1,"42":1,"43":1,"44":1,"46":16,"47":16,"48":16,"49":16,"51":16,"52":16,"53":1,"54":16,"55":16,"57":16,"58":4,"59":4,"60":4,"61":4,"62":16,"64":16,"65":2,"66":2,"67":2,"68":16,"70":16,"71":5,"72":5,"73":5,"74":5,"75":5,"76":5,"77":1,"78":1,"79":1,"80":16,"82":16,"83":2,"84":0,"85":0,"86":0,"87":0,"88":0,"89":2,"90":16,"91":17,"93":27,"94":3,"95":3,"96":3,"98":3,"99":3,"100":0,"101":3,"102":3,"104":27,"105":8,"106":8,"108":27,"110":12,"111":1,"112":1,"113":1,"114":1,"116":11,"117":11,"118":10,"119":12,"121":12,"122":12,"123":2,"124":2,"125":2,"126":2,"128":12,"130":12,"131":7,"133":7,"134":7,"135":7,"136":7,"138":5,"139":7,"140":1,"141":1,"142":1,"143":7,"145":7,"146":3,"147":3,"148":7,"150":7,"152":1,"153":1,"154":1,"156":7,"158":7,"159":1,"160":1,"161":1,"162":1,"163":1,"164":1,"165":1,"166":1,"167":1,"169":7,"170":7,"171":12,"172":12,"173":1,"174":1,"175":12,"177":27,"178":7,"179":7,"180":7,"181":7,"182":7,"183":7,"184":1,"185":1,"186":1,"187":1,"188":1,"189":1,"190":1,"192":6,"193":6,"194":6,"195":6,"196":6,"197":6,"198":7,"200":27,"201":2,"202":2,"204":2,"205":2,"206":0,"207":0,"209":0,"210":0,"211":0,"212":0,"213":0,"214":2,"215":2,"216":2,"217":2,"219":27,"220":6,"221":6,"223":6,"224":3,"225":3,"227":6,"228":6,"229":6,"230":6,"231":6,"232":6,"234":27,"235":4,"236":4,"237":4,"238":4,"239":4,"240":4,"241":4,"242":4,"243":4,"245":27,"246":1,"247":1,"249":27,"250":29,"251":29,"252":29,"253":29,"254":29,"255":27},"branchMap":{"0":{"type":"branch","line":21,"loc":{"start":{"line":21,"column":7},"end":{"line":256,"column":1}},"locations":[{"start":{"line":21,"column":7},"end":{"line":256,"column":1}}]},"1":{"type":"branch","line":29,"loc":{"start":{"line":29,"column":2},"end":{"line":29,"column":52}},"locations":[{"start":{"line":29,"column":2},"end":{"line":29,"column":52}}]},"2":{"type":"branch","line":31,"loc":{"start":{"line":31,"column":2},"end":{"line":92,"column":3}},"locations":[{"start":{"line":31,"column":2},"end":{"line":92,"column":3}}]},"3":{"type":"branch","line":32,"loc":{"start":{"line":32,"column":4},"end":{"line":34,"column":7}},"locations":[{"start":{"line":32,"column":4},"end":{"line":34,"column":7}}]},"4":{"type":"branch","line":38,"loc":{"start":{"line":38,"column":24},"end":{"line":45,"column":5}},"locations":[{"start":{"line":38,"column":24},"end":{"line":45,"column":5}}]},"5":{"type":"branch","line":45,"loc":{"start":{"line":45,"column":4},"end":{"line":91,"column":7}},"locations":[{"start":{"line":45,"column":4},"end":{"line":91,"column":7}}]},"6":{"type":"branch","line":33,"loc":{"start":{"line":33,"column":10},"end":{"line":33,"column":64}},"locations":[{"start":{"line":33,"column":10},"end":{"line":33,"column":64}}]},"7":{"type":"branch","line":47,"loc":{"start":{"line":47,"column":42},"end":{"line":50,"column":5}},"locations":[{"start":{"line":47,"column":42},"end":{"line":50,"column":5}}]},"8":{"type":"branch","line":53,"loc":{"start":{"line":53,"column":63},"end":{"line":55,"column":7}},"locations":[{"start":{"line":53,"column":63},"end":{"line":55,"column":7}}]},"9":{"type":"branch","line":58,"loc":{"start":{"line":58,"column":28},"end":{"line":63,"column":5}},"locations":[{"start":{"line":58,"column":28},"end":{"line":63,"column":5}}]},"10":{"type":"branch","line":62,"loc":{"start":{"line":62,"column":15},"end":{"line":62,"column":41}},"locations":[{"start":{"line":62,"column":15},"end":{"line":62,"column":41}}]},"11":{"type":"branch","line":62,"loc":{"start":{"line":62,"column":41},"end":{"line":62,"column":71}},"locations":[{"start":{"line":62,"column":41},"end":{"line":62,"column":71}}]},"12":{"type":"branch","line":65,"loc":{"start":{"line":65,"column":26},"end":{"line":69,"column":5}},"locations":[{"start":{"line":65,"column":26},"end":{"line":69,"column":5}}]},"13":{"type":"branch","line":68,"loc":{"start":{"line":68,"column":15},"end":{"line":68,"column":41}},"locations":[{"start":{"line":68,"column":15},"end":{"line":68,"column":41}}]},"14":{"type":"branch","line":68,"loc":{"start":{"line":68,"column":41},"end":{"line":68,"column":71}},"locations":[{"start":{"line":68,"column":41},"end":{"line":68,"column":71}}]},"15":{"type":"branch","line":71,"loc":{"start":{"line":71,"column":42},"end":{"line":81,"column":5}},"locations":[{"start":{"line":71,"column":42},"end":{"line":81,"column":5}}]},"16":{"type":"branch","line":76,"loc":{"start":{"line":76,"column":13},"end":{"line":76,"column":25}},"locations":[{"start":{"line":76,"column":13},"end":{"line":76,"column":25}}]},"17":{"type":"branch","line":77,"loc":{"start":{"line":77,"column":6},"end":{"line":80,"column":7}},"locations":[{"start":{"line":77,"column":6},"end":{"line":80,"column":7}}]},"18":{"type":"branch","line":83,"loc":{"start":{"line":83,"column":28},"end":{"line":91,"column":5}},"locations":[{"start":{"line":83,"column":28},"end":{"line":91,"column":5}}]},"19":{"type":"branch","line":94,"loc":{"start":{"line":94,"column":10},"end":{"line":103,"column":3}},"locations":[{"start":{"line":94,"column":10},"end":{"line":103,"column":3}}]},"20":{"type":"branch","line":95,"loc":{"start":{"line":95,"column":36},"end":{"line":95,"column":52}},"locations":[{"start":{"line":95,"column":36},"end":{"line":95,"column":52}}]},"21":{"type":"branch","line":96,"loc":{"start":{"line":96,"column":31},"end":{"line":96,"column":52}},"locations":[{"start":{"line":96,"column":31},"end":{"line":96,"column":52}}]},"22":{"type":"branch","line":97,"loc":{"start":{"line":97,"column":36},"end":{"line":97,"column":43}},"locations":[{"start":{"line":97,"column":36},"end":{"line":97,"column":43}}]},"23":{"type":"branch","line":105,"loc":{"start":{"line":105,"column":10},"end":{"line":107,"column":3}},"locations":[{"start":{"line":105,"column":10},"end":{"line":107,"column":3}}]},"24":{"type":"branch","line":109,"loc":{"start":{"line":109,"column":2},"end":{"line":176,"column":3}},"locations":[{"start":{"line":109,"column":2},"end":{"line":176,"column":3}}]},"25":{"type":"branch","line":111,"loc":{"start":{"line":111,"column":24},"end":{"line":115,"column":5}},"locations":[{"start":{"line":111,"column":24},"end":{"line":115,"column":5}}]},"26":{"type":"branch","line":115,"loc":{"start":{"line":115,"column":4},"end":{"line":118,"column":70}},"locations":[{"start":{"line":115,"column":4},"end":{"line":118,"column":70}}]},"27":{"type":"branch","line":118,"loc":{"start":{"line":118,"column":68},"end":{"line":120,"column":15}},"locations":[{"start":{"line":118,"column":68},"end":{"line":120,"column":15}}]},"28":{"type":"branch","line":120,"loc":{"start":{"line":120,"column":8},"end":{"line":120,"column":88}},"locations":[{"start":{"line":120,"column":8},"end":{"line":120,"column":88}}]},"29":{"type":"branch","line":120,"loc":{"start":{"line":120,"column":86},"end":{"line":122,"column":72}},"locations":[{"start":{"line":120,"column":86},"end":{"line":122,"column":72}}]},"30":{"type":"branch","line":122,"loc":{"start":{"line":122,"column":67},"end":{"line":122,"column":75}},"locations":[{"start":{"line":122,"column":67},"end":{"line":122,"column":75}}]},"31":{"type":"branch","line":123,"loc":{"start":{"line":123,"column":29},"end":{"line":127,"column":7}},"locations":[{"start":{"line":123,"column":29},"end":{"line":127,"column":7}}]},"32":{"type":"branch","line":127,"loc":{"start":{"line":127,"column":6},"end":{"line":129,"column":38}},"locations":[{"start":{"line":127,"column":6},"end":{"line":129,"column":38}}]},"33":{"type":"branch","line":129,"loc":{"start":{"line":129,"column":34},"end":{"line":129,"column":45}},"locations":[{"start":{"line":129,"column":34},"end":{"line":129,"column":45}}]},"34":{"type":"branch","line":129,"loc":{"start":{"line":129,"column":38},"end":{"line":129,"column":64}},"locations":[{"start":{"line":129,"column":38},"end":{"line":129,"column":64}}]},"35":{"type":"branch","line":173,"loc":{"start":{"line":173,"column":4},"end":{"line":175,"column":5}},"locations":[{"start":{"line":173,"column":4},"end":{"line":175,"column":5}}]},"36":{"type":"branch","line":131,"loc":{"start":{"line":131,"column":50},"end":{"line":172,"column":7}},"locations":[{"start":{"line":131,"column":50},"end":{"line":172,"column":7}}]},"37":{"type":"branch","line":134,"loc":{"start":{"line":134,"column":87},"end":{"line":171,"column":9}},"locations":[{"start":{"line":134,"column":87},"end":{"line":171,"column":9}}]},"38":{"type":"branch","line":135,"loc":{"start":{"line":135,"column":33},"end":{"line":144,"column":11}},"locations":[{"start":{"line":135,"column":33},"end":{"line":144,"column":11}}]},"39":{"type":"branch","line":137,"loc":{"start":{"line":137,"column":23},"end":{"line":137,"column":76}},"locations":[{"start":{"line":137,"column":23},"end":{"line":137,"column":76}}]},"40":{"type":"branch","line":137,"loc":{"start":{"line":137,"column":74},"end":{"line":140,"column":36}},"locations":[{"start":{"line":137,"column":74},"end":{"line":140,"column":36}}]},"41":{"type":"branch","line":140,"loc":{"start":{"line":140,"column":49},"end":{"line":143,"column":13}},"locations":[{"start":{"line":140,"column":49},"end":{"line":143,"column":13}}]},"42":{"type":"branch","line":146,"loc":{"start":{"line":146,"column":31},"end":{"line":149,"column":11}},"locations":[{"start":{"line":146,"column":31},"end":{"line":149,"column":11}}]},"43":{"type":"branch","line":151,"loc":{"start":{"line":151,"column":29},"end":{"line":157,"column":11}},"locations":[{"start":{"line":151,"column":29},"end":{"line":157,"column":11}}]},"44":{"type":"branch","line":159,"loc":{"start":{"line":159,"column":27},"end":{"line":170,"column":11}},"locations":[{"start":{"line":159,"column":27},"end":{"line":170,"column":11}}]},"45":{"type":"branch","line":178,"loc":{"start":{"line":178,"column":2},"end":{"line":199,"column":3}},"locations":[{"start":{"line":178,"column":2},"end":{"line":199,"column":3}}]},"46":{"type":"branch","line":184,"loc":{"start":{"line":184,"column":23},"end":{"line":191,"column":5}},"locations":[{"start":{"line":184,"column":23},"end":{"line":191,"column":5}}]},"47":{"type":"branch","line":191,"loc":{"start":{"line":191,"column":4},"end":{"line":198,"column":6}},"locations":[{"start":{"line":191,"column":4},"end":{"line":198,"column":6}}]},"48":{"type":"branch","line":201,"loc":{"start":{"line":201,"column":2},"end":{"line":218,"column":3}},"locations":[{"start":{"line":201,"column":2},"end":{"line":218,"column":3}}]},"49":{"type":"branch","line":202,"loc":{"start":{"line":202,"column":25},"end":{"line":202,"column":32}},"locations":[{"start":{"line":202,"column":25},"end":{"line":202,"column":32}}]},"50":{"type":"branch","line":206,"loc":{"start":{"line":206,"column":36},"end":{"line":206,"column":69}},"locations":[{"start":{"line":206,"column":36},"end":{"line":206,"column":69}}]},"51":{"type":"branch","line":206,"loc":{"start":{"line":206,"column":69},"end":{"line":214,"column":7}},"locations":[{"start":{"line":206,"column":69},"end":{"line":214,"column":7}}]},"52":{"type":"branch","line":220,"loc":{"start":{"line":220,"column":10},"end":{"line":233,"column":3}},"locations":[{"start":{"line":220,"column":10},"end":{"line":233,"column":3}}]},"53":{"type":"branch","line":221,"loc":{"start":{"line":221,"column":36},"end":{"line":221,"column":52}},"locations":[{"start":{"line":221,"column":36},"end":{"line":221,"column":52}}]},"54":{"type":"branch","line":224,"loc":{"start":{"line":224,"column":13},"end":{"line":224,"column":61}},"locations":[{"start":{"line":224,"column":13},"end":{"line":224,"column":61}}]},"55":{"type":"branch","line":224,"loc":{"start":{"line":224,"column":46},"end":{"line":224,"column":97}},"locations":[{"start":{"line":224,"column":46},"end":{"line":224,"column":97}}]},"56":{"type":"branch","line":224,"loc":{"start":{"line":224,"column":97},"end":{"line":226,"column":5}},"locations":[{"start":{"line":224,"column":97},"end":{"line":226,"column":5}}]},"57":{"type":"branch","line":230,"loc":{"start":{"line":230,"column":19},"end":{"line":230,"column":63}},"locations":[{"start":{"line":230,"column":19},"end":{"line":230,"column":63}}]},"58":{"type":"branch","line":230,"loc":{"start":{"line":230,"column":59},"end":{"line":230,"column":65}},"locations":[{"start":{"line":230,"column":59},"end":{"line":230,"column":65}}]},"59":{"type":"branch","line":235,"loc":{"start":{"line":235,"column":10},"end":{"line":244,"column":3}},"locations":[{"start":{"line":235,"column":10},"end":{"line":244,"column":3}}]},"60":{"type":"branch","line":236,"loc":{"start":{"line":236,"column":21},"end":{"line":236,"column":59}},"locations":[{"start":{"line":236,"column":21},"end":{"line":236,"column":59}}]},"61":{"type":"branch","line":236,"loc":{"start":{"line":236,"column":48},"end":{"line":236,"column":76}},"locations":[{"start":{"line":236,"column":48},"end":{"line":236,"column":76}}]},"62":{"type":"branch","line":246,"loc":{"start":{"line":246,"column":2},"end":{"line":248,"column":3}},"locations":[{"start":{"line":246,"column":2},"end":{"line":248,"column":3}}]},"63":{"type":"branch","line":250,"loc":{"start":{"line":250,"column":2},"end":{"line":255,"column":3}},"locations":[{"start":{"line":250,"column":2},"end":{"line":255,"column":3}}]},"64":{"type":"branch","line":253,"loc":{"start":{"line":253,"column":9},"end":{"line":253,"column":25}},"locations":[{"start":{"line":253,"column":9},"end":{"line":253,"column":25}}]}},"b":{"0":[27],"1":[27],"2":[17],"3":[15],"4":[1],"5":[16],"6":[35],"7":[16],"8":[1],"9":[4],"10":[2],"11":[2],"12":[2],"13":[1],"14":[1],"15":[5],"16":[4],"17":[1],"18":[2],"19":[3],"20":[0],"21":[0],"22":[0],"23":[8],"24":[12],"25":[1],"26":[11],"27":[10],"28":[1],"29":[9],"30":[1],"31":[2],"32":[7],"33":[1],"34":[6],"35":[1],"36":[7],"37":[7],"38":[7],"39":[2],"40":[5],"41":[1],"42":[3],"43":[1],"44":[1],"45":[7],"46":[1],"47":[6],"48":[2],"49":[0],"50":[0],"51":[0],"52":[6],"53":[0],"54":[5],"55":[4],"56":[3],"57":[3],"58":[3],"59":[4],"60":[3],"61":[1],"62":[1],"63":[29],"64":[19]},"fnMap":{"0":{"name":"<instance_members_initializer>","decl":{"start":{"line":21,"column":7},"end":{"line":256,"column":1}},"loc":{"start":{"line":21,"column":7},"end":{"line":256,"column":1}},"line":21},"1":{"name":"BtpsClient","decl":{"start":{"line":29,"column":2},"end":{"line":29,"column":52}},"loc":{"start":{"line":29,"column":2},"end":{"line":29,"column":52}},"line":29},"2":{"name":"connect","decl":{"start":{"line":31,"column":2},"end":{"line":92,"column":3}},"loc":{"start":{"line":31,"column":2},"end":{"line":92,"column":3}},"line":31},"3":{"name":"on","decl":{"start":{"line":33,"column":10},"end":{"line":33,"column":64}},"loc":{"start":{"line":33,"column":10},"end":{"line":33,"column":64}},"line":33},"4":{"name":"retryConnect","decl":{"start":{"line":94,"column":10},"end":{"line":103,"column":3}},"loc":{"start":{"line":94,"column":10},"end":{"line":103,"column":3}},"line":94},"5":{"name":"buildClientErrorResponse","decl":{"start":{"line":105,"column":10},"end":{"line":107,"column":3}},"loc":{"start":{"line":105,"column":10},"end":{"line":107,"column":3}},"line":105},"6":{"name":"send","decl":{"start":{"line":109,"column":2},"end":{"line":176,"column":3}},"loc":{"start":{"line":109,"column":2},"end":{"line":176,"column":3}},"line":109},"7":{"name":"response","decl":{"start":{"line":131,"column":50},"end":{"line":172,"column":7}},"loc":{"start":{"line":131,"column":50},"end":{"line":172,"column":7}},"line":131},"8":{"name":"signEncryptArtifact","decl":{"start":{"line":178,"column":2},"end":{"line":199,"column":3}},"loc":{"start":{"line":178,"column":2},"end":{"line":199,"column":3}},"line":178},"9":{"name":"flushBackpressure","decl":{"start":{"line":201,"column":2},"end":{"line":218,"column":3}},"loc":{"start":{"line":201,"column":2},"end":{"line":218,"column":3}},"line":201},"10":{"name":"isDraining","decl":{"start":{"line":212,"column":34},"end":{"line":212,"column":82}},"loc":{"start":{"line":212,"column":34},"end":{"line":212,"column":82}},"line":212},"11":{"name":"getRetryInfo","decl":{"start":{"line":220,"column":10},"end":{"line":233,"column":3}},"loc":{"start":{"line":220,"column":10},"end":{"line":233,"column":3}},"line":220},"12":{"name":"isNonRetryableError","decl":{"start":{"line":235,"column":10},"end":{"line":244,"column":3}},"loc":{"start":{"line":235,"column":10},"end":{"line":244,"column":3}},"line":235},"13":{"name":"end","decl":{"start":{"line":246,"column":2},"end":{"line":248,"column":3}},"loc":{"start":{"line":246,"column":2},"end":{"line":248,"column":3}},"line":246},"14":{"name":"destroy","decl":{"start":{"line":250,"column":2},"end":{"line":255,"column":3}},"loc":{"start":{"line":250,"column":2},"end":{"line":255,"column":3}},"line":250}},"f":{"0":27,"1":27,"2":17,"3":35,"4":3,"5":8,"6":12,"7":7,"8":7,"9":2,"10":0,"11":6,"12":4,"13":1,"14":29}}
,"/Volumes/App/btps-sdk/src/client/index.ts": {"path":"/Volumes/App/btps-sdk/src/client/index.ts","all":true,"statementMap":{"0":{"start":{"line":1,"column":0},"end":{"line":1,"column":33}}},"s":{"0":0},"branchMap":{"0":{"type":"branch","line":1,"loc":{"start":{"line":1,"column":0},"end":{"line":1,"column":33}},"locations":[{"start":{"line":1,"column":0},"end":{"line":1,"column":33}}]}},"b":{"0":[0]},"fnMap":{"0":{"name":"(empty-report)","decl":{"start":{"line":1,"column":0},"end":{"line":1,"column":33}},"loc":{"start":{"line":1,"column":0},"end":{"line":1,"column":33}},"line":1}},"f":{"0":0}}
,"/Volumes/App/btps-sdk/src/client/types/index.ts": {"path":"/Volumes/App/btps-sdk/src/client/types/index.ts","all":true,"statementMap":{},"s":{},"branchMap":{"0":{"type":"branch","line":1,"loc":{"start":{"line":1,"column":1194},"end":{"line":44,"column":1}},"locations":[{"start":{"line":1,"column":1194},"end":{"line":44,"column":1}}]}},"b":{"0":[1]},"fnMap":{"0":{"name":"(empty-report)","decl":{"start":{"line":1,"column":1194},"end":{"line":44,"column":1}},"loc":{"start":{"line":1,"column":1194},"end":{"line":44,"column":1}},"line":1}},"f":{"0":1}}
,"/Volumes/App/btps-sdk/src/core/crypto/decryptVerify.ts": {"path":"/Volumes/App/btps-sdk/src/core/crypto/decryptVerify.ts","all":false,"statementMap":{"0":{"start":{"line":1,"column":0},"end":{"line":1,"column":87}},"1":{"start":{"line":2,"column":0},"end":{"line":2,"column":64}},"3":{"start":{"line":4,"column":0},"end":{"line":4,"column":71}},"4":{"start":{"line":5,"column":0},"end":{"line":5,"column":57}},"6":{"start":{"line":7,"column":0},"end":{"line":7,"column":40}},"8":{"start":{"line":9,"column":0},"end":{"line":9,"column":56}},"9":{"start":{"line":10,"column":0},"end":{"line":10,"column":21}},"10":{"start":{"line":11,"column":0},"end":{"line":11,"column":8}},"11":{"start":{"line":12,"column":0},"end":{"line":12,"column":3}},"13":{"start":{"line":14,"column":0},"end":{"line":14,"column":58}},"14":{"start":{"line":15,"column":0},"end":{"line":15,"column":20}},"15":{"start":{"line":16,"column":0},"end":{"line":16,"column":41}},"16":{"start":{"line":17,"column":0},"end":{"line":17,"column":34}},"17":{"start":{"line":18,"column":0},"end":{"line":18,"column":40}},"18":{"start":{"line":19,"column":0},"end":{"line":19,"column":43}},"19":{"start":{"line":20,"column":0},"end":{"line":20,"column":87}},"21":{"start":{"line":22,"column":0},"end":{"line":22,"column":52}},"22":{"start":{"line":23,"column":0},"end":{"line":23,"column":93}},"23":{"start":{"line":24,"column":0},"end":{"line":24,"column":60}},"25":{"start":{"line":26,"column":0},"end":{"line":26,"column":23}},"26":{"start":{"line":27,"column":0},"end":{"line":27,"column":22}},"27":{"start":{"line":28,"column":0},"end":{"line":28,"column":9}},"28":{"start":{"line":29,"column":0},"end":{"line":29,"column":7}},"29":{"start":{"line":30,"column":0},"end":{"line":30,"column":4}},"31":{"start":{"line":32,"column":0},"end":{"line":32,"column":93}},"33":{"start":{"line":34,"column":0},"end":{"line":34,"column":29}},"34":{"start":{"line":35,"column":0},"end":{"line":35,"column":37}},"35":{"start":{"line":36,"column":0},"end":{"line":36,"column":3}},"37":{"start":{"line":38,"column":0},"end":{"line":38,"column":50}},"38":{"start":{"line":39,"column":0},"end":{"line":39,"column":47}},"40":{"start":{"line":41,"column":0},"end":{"line":41,"column":34}},"41":{"start":{"line":42,"column":0},"end":{"line":42,"column":77}},"42":{"start":{"line":43,"column":0},"end":{"line":43,"column":57}},"43":{"start":{"line":44,"column":0},"end":{"line":44,"column":43}},"45":{"start":{"line":46,"column":0},"end":{"line":46,"column":86}},"47":{"start":{"line":48,"column":0},"end":{"line":48,"column":10}},"48":{"start":{"line":49,"column":0},"end":{"line":49,"column":14}},"49":{"start":{"line":50,"column":0},"end":{"line":50,"column":24}},"50":{"start":{"line":51,"column":0},"end":{"line":51,"column":38}},"51":{"start":{"line":52,"column":0},"end":{"line":52,"column":16}},"52":{"start":{"line":53,"column":0},"end":{"line":53,"column":6}},"53":{"start":{"line":54,"column":0},"end":{"line":54,"column":21}},"54":{"start":{"line":55,"column":0},"end":{"line":55,"column":4}},"55":{"start":{"line":56,"column":0},"end":{"line":56,"column":2}}},"s":{"0":1,"1":1,"3":1,"4":1,"6":1,"8":1,"9":4,"10":4,"11":4,"13":1,"14":6,"15":6,"16":6,"17":6,"18":6,"19":6,"21":5,"22":6,"23":4,"25":4,"26":4,"27":4,"28":4,"29":4,"31":4,"33":6,"34":1,"35":1,"37":3,"38":3,"40":3,"41":3,"42":2,"43":1,"45":6,"47":2,"48":2,"49":2,"50":2,"51":2,"52":2,"53":2,"54":2,"55":2},"branchMap":{"0":{"type":"branch","line":9,"loc":{"start":{"line":9,"column":24},"end":{"line":12,"column":3}},"locations":[{"start":{"line":9,"column":24},"end":{"line":12,"column":3}}]},"1":{"type":"branch","line":14,"loc":{"start":{"line":14,"column":29},"end":{"line":56,"column":2}},"locations":[{"start":{"line":14,"column":29},"end":{"line":56,"column":2}}]},"2":{"type":"branch","line":20,"loc":{"start":{"line":20,"column":21},"end":{"line":20,"column":87}},"locations":[{"start":{"line":20,"column":21},"end":{"line":20,"column":87}}]},"3":{"type":"branch","line":20,"loc":{"start":{"line":20,"column":85},"end":{"line":23,"column":28}},"locations":[{"start":{"line":20,"column":85},"end":{"line":23,"column":28}}]},"4":{"type":"branch","line":23,"loc":{"start":{"line":23,"column":21},"end":{"line":23,"column":93}},"locations":[{"start":{"line":23,"column":21},"end":{"line":23,"column":93}}]},"5":{"type":"branch","line":23,"loc":{"start":{"line":23,"column":91},"end":{"line":34,"column":18}},"locations":[{"start":{"line":23,"column":91},"end":{"line":34,"column":18}}]},"6":{"type":"branch","line":34,"loc":{"start":{"line":34,"column":7},"end":{"line":34,"column":28}},"locations":[{"start":{"line":34,"column":7},"end":{"line":34,"column":28}}]},"7":{"type":"branch","line":34,"loc":{"start":{"line":34,"column":28},"end":{"line":36,"column":3}},"locations":[{"start":{"line":34,"column":28},"end":{"line":36,"column":3}}]},"8":{"type":"branch","line":36,"loc":{"start":{"line":36,"column":2},"end":{"line":42,"column":77}},"locations":[{"start":{"line":36,"column":2},"end":{"line":42,"column":77}}]},"9":{"type":"branch","line":42,"loc":{"start":{"line":42,"column":62},"end":{"line":43,"column":57}},"locations":[{"start":{"line":42,"column":62},"end":{"line":43,"column":57}}]},"10":{"type":"branch","line":43,"loc":{"start":{"line":43,"column":56},"end":{"line":44,"column":43}},"locations":[{"start":{"line":43,"column":56},"end":{"line":44,"column":43}}]},"11":{"type":"branch","line":46,"loc":{"start":{"line":46,"column":7},"end":{"line":46,"column":45}},"locations":[{"start":{"line":46,"column":7},"end":{"line":46,"column":45}}]},"12":{"type":"branch","line":46,"loc":{"start":{"line":46,"column":45},"end":{"line":46,"column":86}},"locations":[{"start":{"line":46,"column":45},"end":{"line":46,"column":86}}]},"13":{"type":"branch","line":46,"loc":{"start":{"line":46,"column":84},"end":{"line":56,"column":2}},"locations":[{"start":{"line":46,"column":84},"end":{"line":56,"column":2}}]}},"b":{"0":[4],"1":[6],"2":[1],"3":[5],"4":[1],"5":[4],"6":[1],"7":[1],"8":[3],"9":[2],"10":[1],"11":[1],"12":[1],"13":[2]},"fnMap":{"0":{"name":"genDecryptError","decl":{"start":{"line":9,"column":24},"end":{"line":12,"column":3}},"loc":{"start":{"line":9,"column":24},"end":{"line":12,"column":3}},"line":9},"1":{"name":"decryptVerify","decl":{"start":{"line":14,"column":29},"end":{"line":56,"column":2}},"loc":{"start":{"line":14,"column":29},"end":{"line":56,"column":2}},"line":14}},"f":{"0":4,"1":6}}
,"/Volumes/App/btps-sdk/src/core/crypto/index.ts": {"path":"/Volumes/App/btps-sdk/src/core/crypto/index.ts","all":false,"statementMap":{"0":{"start":{"line":1,"column":0},"end":{"line":1,"column":43}},"11":{"start":{"line":12,"column":0},"end":{"line":12,"column":8}},"19":{"start":{"line":20,"column":0},"end":{"line":20,"column":57}},"21":{"start":{"line":22,"column":0},"end":{"line":22,"column":35}},"22":{"start":{"line":23,"column":0},"end":{"line":23,"column":33}},"23":{"start":{"line":24,"column":0},"end":{"line":24,"column":28}},"24":{"start":{"line":25,"column":0},"end":{"line":25,"column":27}},"26":{"start":{"line":27,"column":0},"end":{"line":27,"column":34}},"27":{"start":{"line":28,"column":0},"end":{"line":28,"column":24}},"28":{"start":{"line":29,"column":0},"end":{"line":29,"column":25}},"29":{"start":{"line":30,"column":0},"end":{"line":30,"column":45}},"30":{"start":{"line":31,"column":0},"end":{"line":31,"column":29}},"31":{"start":{"line":32,"column":0},"end":{"line":32,"column":28}},"32":{"start":{"line":33,"column":0},"end":{"line":33,"column":4}},"33":{"start":{"line":34,"column":0},"end":{"line":34,"column":6}},"34":{"start":{"line":35,"column":0},"end":{"line":35,"column":40}},"35":{"start":{"line":36,"column":0},"end":{"line":36,"column":36}},"36":{"start":{"line":37,"column":0},"end":{"line":37,"column":63}},"37":{"start":{"line":38,"column":0},"end":{"line":38,"column":93}},"39":{"start":{"line":40,"column":0},"end":{"line":40,"column":62}},"40":{"start":{"line":41,"column":0},"end":{"line":41,"column":77}},"41":{"start":{"line":42,"column":0},"end":{"line":42,"column":45}},"43":{"start":{"line":44,"column":0},"end":{"line":44,"column":58}},"45":{"start":{"line":46,"column":0},"end":{"line":46,"column":10}},"46":{"start":{"line":47,"column":0},"end":{"line":47,"column":27}},"47":{"start":{"line":48,"column":0},"end":{"line":48,"column":17}},"48":{"start":{"line":49,"column":0},"end":{"line":49,"column":16}},"49":{"start":{"line":50,"column":0},"end":{"line":50,"column":52}},"50":{"start":{"line":51,"column":0},"end":{"line":51,"column":32}},"51":{"start":{"line":52,"column":0},"end":{"line":52,"column":25}},"52":{"start":{"line":53,"column":0},"end":{"line":53,"column":6}},"53":{"start":{"line":54,"column":0},"end":{"line":54,"column":4}},"54":{"start":{"line":55,"column":0},"end":{"line":55,"column":2}},"56":{"start":{"line":57,"column":0},"end":{"line":57,"column":34}},"57":{"start":{"line":58,"column":0},"end":{"line":58,"column":24}},"58":{"start":{"line":59,"column":0},"end":{"line":59,"column":28}},"59":{"start":{"line":60,"column":0},"end":{"line":60,"column":26}},"60":{"start":{"line":61,"column":0},"end":{"line":61,"column":68}},"61":{"start":{"line":62,"column":0},"end":{"line":62,"column":47}},"62":{"start":{"line":63,"column":0},"end":{"line":63,"column":12}},"63":{"start":{"line":64,"column":0},"end":{"line":64,"column":22}},"64":{"start":{"line":65,"column":0},"end":{"line":65,"column":66}},"65":{"start":{"line":66,"column":0},"end":{"line":66,"column":6}},"66":{"start":{"line":67,"column":0},"end":{"line":67,"column":3}},"68":{"start":{"line":69,"column":0},"end":{"line":69,"column":7}},"69":{"start":{"line":70,"column":0},"end":{"line":70,"column":36}},"70":{"start":{"line":71,"column":0},"end":{"line":71,"column":22}},"71":{"start":{"line":72,"column":0},"end":{"line":72,"column":53}},"72":{"start":{"line":73,"column":0},"end":{"line":73,"column":6}},"73":{"start":{"line":74,"column":0},"end":{"line":74,"column":45}},"74":{"start":{"line":75,"column":0},"end":{"line":75,"column":27}},"75":{"start":{"line":76,"column":0},"end":{"line":76,"column":19}},"76":{"start":{"line":77,"column":0},"end":{"line":77,"column":43}},"77":{"start":{"line":78,"column":0},"end":{"line":78,"column":6}},"79":{"start":{"line":80,"column":0},"end":{"line":80,"column":95}},"81":{"start":{"line":82,"column":0},"end":{"line":82,"column":81}},"82":{"start":{"line":83,"column":0},"end":{"line":83,"column":47}},"84":{"start":{"line":85,"column":0},"end":{"line":85,"column":12}},"85":{"start":{"line":86,"column":0},"end":{"line":86,"column":41}},"86":{"start":{"line":87,"column":0},"end":{"line":87,"column":23}},"87":{"start":{"line":88,"column":0},"end":{"line":88,"column":6}},"88":{"start":{"line":89,"column":0},"end":{"line":89,"column":26}},"89":{"start":{"line":90,"column":0},"end":{"line":90,"column":22}},"90":{"start":{"line":91,"column":0},"end":{"line":91,"column":22}},"91":{"start":{"line":92,"column":0},"end":{"line":92,"column":54}},"92":{"start":{"line":93,"column":0},"end":{"line":93,"column":6}},"93":{"start":{"line":94,"column":0},"end":{"line":94,"column":8}},"94":{"start":{"line":95,"column":0},"end":{"line":95,"column":32}},"95":{"start":{"line":96,"column":0},"end":{"line":96,"column":21}},"96":{"start":{"line":97,"column":0},"end":{"line":97,"column":22}},"97":{"start":{"line":98,"column":0},"end":{"line":98,"column":80}},"98":{"start":{"line":99,"column":0},"end":{"line":99,"column":7}},"99":{"start":{"line":100,"column":0},"end":{"line":100,"column":78}},"100":{"start":{"line":101,"column":0},"end":{"line":101,"column":22}},"101":{"start":{"line":102,"column":0},"end":{"line":102,"column":5}},"103":{"start":{"line":104,"column":0},"end":{"line":104,"column":17}},"104":{"start":{"line":105,"column":0},"end":{"line":105,"column":26}},"105":{"start":{"line":106,"column":0},"end":{"line":106,"column":73}},"106":{"start":{"line":107,"column":0},"end":{"line":107,"column":51}},"107":{"start":{"line":108,"column":0},"end":{"line":108,"column":27}},"108":{"start":{"line":109,"column":0},"end":{"line":109,"column":20}},"109":{"start":{"line":110,"column":0},"end":{"line":110,"column":3}},"110":{"start":{"line":111,"column":0},"end":{"line":111,"column":2}},"115":{"start":{"line":116,"column":0},"end":{"line":116,"column":75}},"116":{"start":{"line":117,"column":0},"end":{"line":117,"column":30}},"117":{"start":{"line":118,"column":0},"end":{"line":118,"column":5}},"118":{"start":{"line":119,"column":0},"end":{"line":119,"column":24}},"119":{"start":{"line":120,"column":0},"end":{"line":120,"column":48}},"120":{"start":{"line":121,"column":0},"end":{"line":121,"column":23}},"121":{"start":{"line":122,"column":0},"end":{"line":122,"column":6}},"122":{"start":{"line":123,"column":0},"end":{"line":123,"column":9}},"123":{"start":{"line":124,"column":0},"end":{"line":124,"column":4}},"124":{"start":{"line":125,"column":0},"end":{"line":125,"column":2}},"129":{"start":{"line":130,"column":0},"end":{"line":130,"column":81}},"130":{"start":{"line":131,"column":0},"end":{"line":131,"column":31}},"131":{"start":{"line":132,"column":0},"end":{"line":132,"column":5}},"132":{"start":{"line":133,"column":0},"end":{"line":133,"column":25}},"133":{"start":{"line":134,"column":0},"end":{"line":134,"column":48}},"134":{"start":{"line":135,"column":0},"end":{"line":135,"column":23}},"135":{"start":{"line":136,"column":0},"end":{"line":136,"column":6}},"136":{"start":{"line":137,"column":0},"end":{"line":137,"column":14}},"137":{"start":{"line":138,"column":0},"end":{"line":138,"column":4}},"138":{"start":{"line":139,"column":0},"end":{"line":139,"column":2}},"140":{"start":{"line":141,"column":0},"end":{"line":141,"column":38}},"141":{"start":{"line":142,"column":0},"end":{"line":142,"column":14}},"142":{"start":{"line":143,"column":0},"end":{"line":143,"column":47}},"143":{"start":{"line":144,"column":0},"end":{"line":144,"column":14}},"144":{"start":{"line":145,"column":0},"end":{"line":145,"column":41}},"145":{"start":{"line":146,"column":0},"end":{"line":146,"column":13}},"146":{"start":{"line":147,"column":0},"end":{"line":147,"column":18}},"147":{"start":{"line":148,"column":0},"end":{"line":148,"column":17}},"148":{"start":{"line":149,"column":0},"end":{"line":149,"column":5}},"150":{"start":{"line":151,"column":0},"end":{"line":151,"column":75}},"151":{"start":{"line":152,"column":0},"end":{"line":152,"column":67}},"152":{"start":{"line":153,"column":0},"end":{"line":153,"column":2}},"154":{"start":{"line":155,"column":0},"end":{"line":155,"column":97}},"155":{"start":{"line":156,"column":0},"end":{"line":156,"column":93}},"156":{"start":{"line":157,"column":0},"end":{"line":157,"column":51}},"157":{"start":{"line":158,"column":0},"end":{"line":158,"column":53}},"159":{"start":{"line":160,"column":0},"end":{"line":160,"column":80}},"160":{"start":{"line":161,"column":0},"end":{"line":161,"column":56}},"161":{"start":{"line":162,"column":0},"end":{"line":162,"column":71}},"163":{"start":{"line":164,"column":0},"end":{"line":164,"column":10}},"164":{"start":{"line":165,"column":0},"end":{"line":165,"column":25}},"165":{"start":{"line":166,"column":0},"end":{"line":166,"column":40}},"166":{"start":{"line":167,"column":0},"end":{"line":167,"column":35}},"167":{"start":{"line":168,"column":0},"end":{"line":168,"column":4}},"168":{"start":{"line":169,"column":0},"end":{"line":169,"column":2}},"170":{"start":{"line":171,"column":0},"end":{"line":171,"column":32}},"171":{"start":{"line":172,"column":0},"end":{"line":172,"column":24}},"172":{"start":{"line":173,"column":0},"end":{"line":173,"column":26}},"173":{"start":{"line":174,"column":0},"end":{"line":174,"column":23}},"174":{"start":{"line":175,"column":0},"end":{"line":175,"column":55}},"175":{"start":{"line":176,"column":0},"end":{"line":176,"column":93}},"177":{"start":{"line":178,"column":0},"end":{"line":178,"column":24}},"178":{"start":{"line":179,"column":0},"end":{"line":179,"column":7}},"179":{"start":{"line":180,"column":0},"end":{"line":180,"column":81}},"180":{"start":{"line":181,"column":0},"end":{"line":181,"column":19}},"181":{"start":{"line":182,"column":0},"end":{"line":182,"column":15}},"182":{"start":{"line":183,"column":0},"end":{"line":183,"column":28}},"183":{"start":{"line":184,"column":0},"end":{"line":184,"column":70}},"184":{"start":{"line":185,"column":0},"end":{"line":185,"column":56}},"185":{"start":{"line":186,"column":0},"end":{"line":186,"column":86}},"186":{"start":{"line":187,"column":0},"end":{"line":187,"column":3}},"188":{"start":{"line":189,"column":0},"end":{"line":189,"column":52}},"189":{"start":{"line":190,"column":0},"end":{"line":190,"column":12}},"190":{"start":{"line":191,"column":0},"end":{"line":191,"column":21}},"191":{"start":{"line":192,"column":0},"end":{"line":192,"column":60}},"192":{"start":{"line":193,"column":0},"end":{"line":193,"column":15}},"193":{"start":{"line":194,"column":0},"end":{"line":194,"column":38}},"194":{"start":{"line":195,"column":0},"end":{"line":195,"column":40}},"195":{"start":{"line":196,"column":0},"end":{"line":196,"column":10}},"196":{"start":{"line":197,"column":0},"end":{"line":197,"column":9}},"197":{"start":{"line":198,"column":0},"end":{"line":198,"column":6}},"198":{"start":{"line":199,"column":0},"end":{"line":199,"column":3}},"200":{"start":{"line":201,"column":0},"end":{"line":201,"column":79}},"201":{"start":{"line":202,"column":0},"end":{"line":202,"column":98}},"202":{"start":{"line":203,"column":0},"end":{"line":203,"column":10}},"203":{"start":{"line":204,"column":0},"end":{"line":204,"column":12}},"204":{"start":{"line":205,"column":0},"end":{"line":205,"column":18}},"205":{"start":{"line":206,"column":0},"end":{"line":206,"column":17}},"206":{"start":{"line":207,"column":0},"end":{"line":207,"column":59}},"207":{"start":{"line":208,"column":0},"end":{"line":208,"column":90}},"208":{"start":{"line":209,"column":0},"end":{"line":209,"column":11}},"209":{"start":{"line":210,"column":0},"end":{"line":210,"column":4}},"210":{"start":{"line":211,"column":0},"end":{"line":211,"column":2}}},"s":{"0":1,"11":1,"19":1,"21":1,"22":1,"23":1,"24":1,"26":1,"27":0,"28":0,"29":0,"30":0,"31":0,"32":0,"33":0,"34":0,"35":0,"36":0,"37":0,"39":0,"40":0,"41":0,"43":0,"45":0,"46":0,"47":0,"48":0,"49":0,"50":0,"51":0,"52":0,"53":0,"54":0,"56":1,"57":0,"58":0,"59":0,"60":0,"61":0,"62":0,"63":0,"64":0,"65":0,"66":0,"68":0,"69":0,"70":0,"71":0,"72":0,"73":0,"74":0,"75":0,"76":0,"77":0,"79":0,"81":0,"82":0,"84":0,"85":0,"86":0,"87":0,"88":0,"89":0,"90":0,"91":0,"92":0,"93":0,"94":0,"95":0,"96":0,"97":0,"98":0,"99":0,"100":0,"101":0,"103":0,"104":0,"105":0,"106":0,"107":0,"108":0,"109":0,"110":0,"115":1,"116":0,"117":0,"118":0,"119":0,"120":0,"121":0,"122":0,"123":0,"124":0,"129":1,"130":0,"131":0,"132":0,"133":0,"134":0,"135":0,"136":0,"137":0,"138":0,"140":1,"141":0,"142":0,"143":0,"144":0,"145":0,"146":0,"147":0,"148":0,"150":0,"151":0,"152":0,"154":1,"155":0,"156":0,"157":0,"159":0,"160":0,"161":0,"163":0,"164":0,"165":0,"166":0,"167":0,"168":0,"170":1,"171":0,"172":0,"173":0,"174":0,"175":0,"177":0,"178":0,"179":0,"180":0,"181":0,"182":0,"183":0,"184":0,"185":0,"186":0,"188":0,"189":0,"190":0,"191":0,"192":0,"193":0,"194":0,"195":0,"196":0,"197":0,"198":0,"200":0,"201":0,"202":0,"203":0,"204":0,"205":0,"206":0,"207":0,"208":0,"209":0,"210":0},"branchMap":{},"b":{},"fnMap":{"0":{"name":"encryptBtpPayload","decl":{"start":{"line":27,"column":33},"end":{"line":55,"column":2}},"loc":{"start":{"line":27,"column":33},"end":{"line":55,"column":2}},"line":27},"1":{"name":"decryptBtpPayload","decl":{"start":{"line":57,"column":33},"end":{"line":111,"column":2}},"loc":{"start":{"line":57,"column":33},"end":{"line":111,"column":2}},"line":57},"2":{"name":"encryptRSA","decl":{"start":{"line":116,"column":26},"end":{"line":125,"column":2}},"loc":{"start":{"line":116,"column":26},"end":{"line":125,"column":2}},"line":116},"3":{"name":"decryptRSA","decl":{"start":{"line":130,"column":26},"end":{"line":139,"column":2}},"loc":{"start":{"line":130,"column":26},"end":{"line":139,"column":2}},"line":130},"4":{"name":"getFingerprintFromPem","decl":{"start":{"line":141,"column":37},"end":{"line":153,"column":2}},"loc":{"start":{"line":141,"column":37},"end":{"line":153,"column":2}},"line":141},"5":{"name":"signBtpPayload","decl":{"start":{"line":155,"column":30},"end":{"line":169,"column":2}},"loc":{"start":{"line":155,"column":30},"end":{"line":169,"column":2}},"line":155},"6":{"name":"verifySignature","decl":{"start":{"line":171,"column":31},"end":{"line":211,"column":2}},"loc":{"start":{"line":171,"column":31},"end":{"line":211,"column":2}},"line":171}},"f":{"0":0,"1":0,"2":0,"3":0,"4":0,"5":0,"6":0}}
,"/Volumes/App/btps-sdk/src/core/crypto/keygen.ts": {"path":"/Volumes/App/btps-sdk/src/core/crypto/keygen.ts","all":false,"statementMap":{"0":{"start":{"line":1,"column":0},"end":{"line":1,"column":45}},"1":{"start":{"line":2,"column":0},"end":{"line":2,"column":46}},"2":{"start":{"line":3,"column":0},"end":{"line":3,"column":28}},"4":{"start":{"line":5,"column":0},"end":{"line":5,"column":57}},"5":{"start":{"line":6,"column":0},"end":{"line":6,"column":40}},"6":{"start":{"line":7,"column":0},"end":{"line":7,"column":38}},"8":{"start":{"line":9,"column":0},"end":{"line":9,"column":64}},"9":{"start":{"line":10,"column":0},"end":{"line":10,"column":24}},"10":{"start":{"line":11,"column":0},"end":{"line":11,"column":55}},"11":{"start":{"line":12,"column":0},"end":{"line":12,"column":57}},"12":{"start":{"line":13,"column":0},"end":{"line":13,"column":5}},"14":{"start":{"line":15,"column":0},"end":{"line":15,"column":69}},"15":{"start":{"line":16,"column":0},"end":{"line":16,"column":67}},"17":{"start":{"line":18,"column":0},"end":{"line":18,"column":63}},"18":{"start":{"line":19,"column":0},"end":{"line":19,"column":1}}},"s":{"0":1,"1":1,"2":1,"4":1,"5":1,"6":1,"8":1,"9":1,"10":1,"11":1,"12":1,"14":1,"15":1,"17":1,"18":1},"branchMap":{"0":{"type":"branch","line":5,"loc":{"start":{"line":5,"column":0},"end":{"line":19,"column":1}},"locations":[{"start":{"line":5,"column":0},"end":{"line":19,"column":1}}]}},"b":{"0":[1]},"fnMap":{"0":{"name":"generateKeys","decl":{"start":{"line":5,"column":0},"end":{"line":19,"column":1}},"loc":{"start":{"line":5,"column":0},"end":{"line":19,"column":1}},"line":5}},"f":{"0":1}}
,"/Volumes/App/btps-sdk/src/core/crypto/signEncrypt.ts": {"path":"/Volumes/App/btps-sdk/src/core/crypto/signEncrypt.ts","all":false,"statementMap":{"0":{"start":{"line":1,"column":0},"end":{"line":1,"column":36}},"1":{"start":{"line":2,"column":0},"end":{"line":2,"column":87}},"2":{"start":{"line":3,"column":0},"end":{"line":3,"column":63}},"10":{"start":{"line":11,"column":0},"end":{"line":11,"column":71}},"12":{"start":{"line":13,"column":0},"end":{"line":13,"column":57}},"14":{"start":{"line":15,"column":0},"end":{"line":15,"column":40}},"16":{"start":{"line":17,"column":0},"end":{"line":17,"column":56}},"17":{"start":{"line":18,"column":0},"end":{"line":18,"column":21}},"18":{"start":{"line":19,"column":0},"end":{"line":19,"column":8}},"19":{"start":{"line":20,"column":0},"end":{"line":20,"column":3}},"21":{"start":{"line":22,"column":0},"end":{"line":22,"column":56}},"22":{"start":{"line":23,"column":0},"end":{"line":23,"column":13}},"23":{"start":{"line":24,"column":0},"end":{"line":24,"column":49}},"24":{"start":{"line":25,"column":0},"end":{"line":25,"column":12}},"30":{"start":{"line":31,"column":0},"end":{"line":31,"column":29}},"31":{"start":{"line":32,"column":0},"end":{"line":32,"column":37}},"32":{"start":{"line":33,"column":0},"end":{"line":33,"column":43}},"33":{"start":{"line":34,"column":0},"end":{"line":34,"column":89}},"35":{"start":{"line":36,"column":0},"end":{"line":36,"column":52}},"36":{"start":{"line":37,"column":0},"end":{"line":37,"column":95}},"38":{"start":{"line":39,"column":0},"end":{"line":39,"column":39}},"39":{"start":{"line":40,"column":0},"end":{"line":40,"column":31}},"40":{"start":{"line":41,"column":0},"end":{"line":41,"column":30}},"42":{"start":{"line":43,"column":0},"end":{"line":43,"column":51}},"44":{"start":{"line":45,"column":0},"end":{"line":45,"column":7}},"45":{"start":{"line":46,"column":0},"end":{"line":46,"column":54}},"46":{"start":{"line":47,"column":0},"end":{"line":47,"column":44}},"47":{"start":{"line":48,"column":0},"end":{"line":48,"column":73}},"48":{"start":{"line":49,"column":0},"end":{"line":49,"column":42}},"49":{"start":{"line":50,"column":0},"end":{"line":50,"column":38}},"50":{"start":{"line":51,"column":0},"end":{"line":51,"column":19}},"51":{"start":{"line":52,"column":0},"end":{"line":52,"column":55}},"52":{"start":{"line":53,"column":0},"end":{"line":53,"column":3}},"54":{"start":{"line":55,"column":0},"end":{"line":55,"column":34}},"55":{"start":{"line":56,"column":0},"end":{"line":56,"column":91}},"57":{"start":{"line":58,"column":0},"end":{"line":58,"column":21}},"58":{"start":{"line":59,"column":0},"end":{"line":59,"column":13}},"59":{"start":{"line":60,"column":0},"end":{"line":60,"column":7}},"60":{"start":{"line":61,"column":0},"end":{"line":61,"column":55}},"61":{"start":{"line":62,"column":0},"end":{"line":62,"column":9}},"62":{"start":{"line":63,"column":0},"end":{"line":63,"column":24}},"63":{"start":{"line":64,"column":0},"end":{"line":64,"column":27}},"64":{"start":{"line":65,"column":0},"end":{"line":65,"column":15}},"65":{"start":{"line":66,"column":0},"end":{"line":66,"column":4}},"67":{"start":{"line":68,"column":0},"end":{"line":68,"column":7}},"68":{"start":{"line":69,"column":0},"end":{"line":69,"column":59}},"69":{"start":{"line":70,"column":0},"end":{"line":70,"column":19}},"70":{"start":{"line":71,"column":0},"end":{"line":71,"column":55}},"71":{"start":{"line":72,"column":0},"end":{"line":72,"column":3}},"73":{"start":{"line":74,"column":0},"end":{"line":74,"column":10}},"74":{"start":{"line":75,"column":0},"end":{"line":75,"column":14}},"75":{"start":{"line":76,"column":0},"end":{"line":76,"column":19}},"76":{"start":{"line":77,"column":0},"end":{"line":77,"column":16}},"77":{"start":{"line":78,"column":0},"end":{"line":78,"column":6}},"78":{"start":{"line":79,"column":0},"end":{"line":79,"column":21}},"79":{"start":{"line":80,"column":0},"end":{"line":80,"column":4}},"80":{"start":{"line":81,"column":0},"end":{"line":81,"column":2}}},"s":{"0":1,"1":1,"2":1,"10":1,"12":1,"14":1,"16":1,"17":4,"18":4,"19":4,"21":1,"22":7,"23":7,"24":7,"30":7,"31":7,"32":7,"33":7,"35":6,"36":7,"38":5,"39":5,"40":5,"42":5,"44":5,"45":7,"46":3,"47":2,"48":7,"49":7,"50":7,"51":1,"52":1,"54":7,"55":7,"57":7,"58":7,"59":7,"60":7,"61":7,"62":7,"63":7,"64":7,"65":7,"67":7,"68":7,"69":7,"70":1,"71":1,"73":3,"74":3,"75":3,"76":3,"77":3,"78":3,"79":3,"80":3},"branchMap":{"0":{"type":"branch","line":17,"loc":{"start":{"line":17,"column":24},"end":{"line":20,"column":3}},"locations":[{"start":{"line":17,"column":24},"end":{"line":20,"column":3}}]},"1":{"type":"branch","line":22,"loc":{"start":{"line":22,"column":27},"end":{"line":81,"column":2}},"locations":[{"start":{"line":22,"column":27},"end":{"line":81,"column":2}}]},"2":{"type":"branch","line":34,"loc":{"start":{"line":34,"column":23},"end":{"line":34,"column":89}},"locations":[{"start":{"line":34,"column":23},"end":{"line":34,"column":89}}]},"3":{"type":"branch","line":34,"loc":{"start":{"line":34,"column":87},"end":{"line":37,"column":30}},"locations":[{"start":{"line":34,"column":87},"end":{"line":37,"column":30}}]},"4":{"type":"branch","line":37,"loc":{"start":{"line":37,"column":23},"end":{"line":37,"column":95}},"locations":[{"start":{"line":37,"column":23},"end":{"line":37,"column":95}}]},"5":{"type":"branch","line":37,"loc":{"start":{"line":37,"column":93},"end":{"line":46,"column":43}},"locations":[{"start":{"line":37,"column":93},"end":{"line":46,"column":43}}]},"6":{"type":"branch","line":46,"loc":{"start":{"line":46,"column":34},"end":{"line":46,"column":53}},"locations":[{"start":{"line":46,"column":34},"end":{"line":46,"column":53}}]},"7":{"type":"branch","line":46,"loc":{"start":{"line":46,"column":53},"end":{"line":47,"column":44}},"locations":[{"start":{"line":46,"column":53},"end":{"line":47,"column":44}}]},"8":{"type":"branch","line":47,"loc":{"start":{"line":47,"column":43},"end":{"line":48,"column":73}},"locations":[{"start":{"line":47,"column":43},"end":{"line":48,"column":73}}]},"9":{"type":"branch","line":51,"loc":{"start":{"line":51,"column":2},"end":{"line":53,"column":3}},"locations":[{"start":{"line":51,"column":2},"end":{"line":53,"column":3}}]},"10":{"type":"branch","line":53,"loc":{"start":{"line":53,"column":2},"end":{"line":55,"column":21}},"locations":[{"start":{"line":53,"column":2},"end":{"line":55,"column":21}}]},"11":{"type":"branch","line":55,"loc":{"start":{"line":55,"column":15},"end":{"line":55,"column":34}},"locations":[{"start":{"line":55,"column":15},"end":{"line":55,"column":34}}]},"12":{"type":"branch","line":56,"loc":{"start":{"line":56,"column":20},"end":{"line":56,"column":66}},"locations":[{"start":{"line":56,"column":20},"end":{"line":56,"column":66}}]},"13":{"type":"branch","line":56,"loc":{"start":{"line":56,"column":62},"end":{"line":56,"column":91}},"locations":[{"start":{"line":56,"column":62},"end":{"line":56,"column":91}}]},"14":{"type":"branch","line":70,"loc":{"start":{"line":70,"column":2},"end":{"line":72,"column":3}},"locations":[{"start":{"line":70,"column":2},"end":{"line":72,"column":3}}]},"15":{"type":"branch","line":72,"loc":{"start":{"line":72,"column":2},"end":{"line":81,"column":2}},"locations":[{"start":{"line":72,"column":2},"end":{"line":81,"column":2}}]}},"b":{"0":[4],"1":[7],"2":[1],"3":[6],"4":[1],"5":[5],"6":[2],"7":[3],"8":[2],"9":[1],"10":[4],"11":[3],"12":[1],"13":[3],"14":[1],"15":[3]},"fnMap":{"0":{"name":"genEncryptError","decl":{"start":{"line":17,"column":24},"end":{"line":20,"column":3}},"loc":{"start":{"line":17,"column":24},"end":{"line":20,"column":3}},"line":17},"1":{"name":"signEncrypt","decl":{"start":{"line":22,"column":27},"end":{"line":81,"column":2}},"loc":{"start":{"line":22,"column":27},"end":{"line":81,"column":2}},"line":22}},"f":{"0":4,"1":7}}
,"/Volumes/App/btps-sdk/src/core/error/index.ts": {"path":"/Volumes/App/btps-sdk/src/core/error/index.ts","all":false,"statementMap":{"0":{"start":{"line":1,"column":0},"end":{"line":1,"column":50}},"2":{"start":{"line":3,"column":0},"end":{"line":3,"column":30}},"3":{"start":{"line":4,"column":0},"end":{"line":4,"column":27}},"5":{"start":{"line":6,"column":0},"end":{"line":6,"column":46}},"6":{"start":{"line":7,"column":0},"end":{"line":7,"column":41}},"7":{"start":{"line":8,"column":0},"end":{"line":8,"column":34}},"8":{"start":{"line":9,"column":0},"end":{"line":9,"column":49}},"10":{"start":{"line":11,"column":0},"end":{"line":11,"column":14}},"11":{"start":{"line":12,"column":0},"end":{"line":12,"column":23}},"12":{"start":{"line":13,"column":0},"end":{"line":13,"column":15}},"16":{"start":{"line":17,"column":0},"end":{"line":17,"column":5}},"17":{"start":{"line":18,"column":0},"end":{"line":18,"column":28}},"19":{"start":{"line":20,"column":0},"end":{"line":20,"column":36}},"20":{"start":{"line":21,"column":0},"end":{"line":21,"column":30}},"21":{"start":{"line":22,"column":0},"end":{"line":22,"column":32}},"22":{"start":{"line":23,"column":0},"end":{"line":23,"column":30}},"25":{"start":{"line":26,"column":0},"end":{"line":26,"column":54}},"28":{"start":{"line":29,"column":0},"end":{"line":29,"column":34}},"29":{"start":{"line":30,"column":0},"end":{"line":30,"column":55}},"30":{"start":{"line":31,"column":0},"end":{"line":31,"column":5}},"31":{"start":{"line":32,"column":0},"end":{"line":32,"column":3}},"36":{"start":{"line":37,"column":0},"end":{"line":37,"column":12}},"37":{"start":{"line":38,"column":0},"end":{"line":38,"column":12}},"38":{"start":{"line":39,"column":0},"end":{"line":39,"column":22}},"39":{"start":{"line":40,"column":0},"end":{"line":40,"column":22}},"40":{"start":{"line":41,"column":0},"end":{"line":41,"column":28}},"41":{"start":{"line":42,"column":0},"end":{"line":42,"column":24}},"42":{"start":{"line":43,"column":0},"end":{"line":43,"column":48}},"43":{"start":{"line":44,"column":0},"end":{"line":44,"column":76}},"44":{"start":{"line":45,"column":0},"end":{"line":45,"column":6}},"45":{"start":{"line":46,"column":0},"end":{"line":46,"column":3}},"46":{"start":{"line":47,"column":0},"end":{"line":47,"column":1}},"48":{"start":{"line":49,"column":0},"end":{"line":49,"column":82}},"49":{"start":{"line":50,"column":0},"end":{"line":50,"column":41}},"50":{"start":{"line":51,"column":0},"end":{"line":51,"column":15}},"51":{"start":{"line":52,"column":0},"end":{"line":52,"column":3}},"53":{"start":{"line":54,"column":0},"end":{"line":54,"column":29}},"54":{"start":{"line":55,"column":0},"end":{"line":55,"column":71}},"55":{"start":{"line":56,"column":0},"end":{"line":56,"column":3}},"57":{"start":{"line":58,"column":0},"end":{"line":58,"column":82}},"58":{"start":{"line":59,"column":0},"end":{"line":59,"column":2}}},"s":{"0":1,"2":1,"3":1,"5":1,"6":35,"7":35,"8":35,"10":35,"11":35,"12":35,"16":35,"17":35,"19":35,"20":35,"21":35,"22":35,"25":35,"28":35,"29":35,"30":35,"31":35,"36":35,"37":2,"38":2,"39":2,"40":2,"41":2,"42":2,"43":2,"44":2,"45":2,"46":35,"48":1,"49":10,"50":3,"51":3,"53":8,"54":5,"55":5,"57":2,"58":2},"branchMap":{"0":{"type":"branch","line":6,"loc":{"start":{"line":6,"column":7},"end":{"line":47,"column":1}},"locations":[{"start":{"line":6,"column":7},"end":{"line":47,"column":1}}]},"1":{"type":"branch","line":11,"loc":{"start":{"line":11,"column":2},"end":{"line":32,"column":3}},"locations":[{"start":{"line":11,"column":2},"end":{"line":32,"column":3}}]},"2":{"type":"branch","line":22,"loc":{"start":{"line":22,"column":17},"end":{"line":22,"column":32}},"locations":[{"start":{"line":22,"column":17},"end":{"line":22,"column":32}}]},"3":{"type":"branch","line":23,"loc":{"start":{"line":23,"column":16},"end":{"line":23,"column":30}},"locations":[{"start":{"line":23,"column":16},"end":{"line":23,"column":30}}]},"4":{"type":"branch","line":37,"loc":{"start":{"line":37,"column":2},"end":{"line":46,"column":3}},"locations":[{"start":{"line":37,"column":2},"end":{"line":46,"column":3}}]},"5":{"type":"branch","line":43,"loc":{"start":{"line":43,"column":15},"end":{"line":43,"column":44}},"locations":[{"start":{"line":43,"column":15},"end":{"line":43,"column":44}}]},"6":{"type":"branch","line":43,"loc":{"start":{"line":43,"column":40},"end":{"line":43,"column":48}},"locations":[{"start":{"line":43,"column":40},"end":{"line":43,"column":48}}]},"7":{"type":"branch","line":44,"loc":{"start":{"line":44,"column":32},"end":{"line":44,"column":72}},"locations":[{"start":{"line":44,"column":32},"end":{"line":44,"column":72}}]},"8":{"type":"branch","line":44,"loc":{"start":{"line":44,"column":68},"end":{"line":44,"column":76}},"locations":[{"start":{"line":44,"column":68},"end":{"line":44,"column":76}}]},"9":{"type":"branch","line":49,"loc":{"start":{"line":49,"column":44},"end":{"line":59,"column":2}},"locations":[{"start":{"line":49,"column":44},"end":{"line":59,"column":2}}]},"10":{"type":"branch","line":50,"loc":{"start":{"line":50,"column":40},"end":{"line":52,"column":3}},"locations":[{"start":{"line":50,"column":40},"end":{"line":52,"column":3}}]},"11":{"type":"branch","line":52,"loc":{"start":{"line":52,"column":2},"end":{"line":56,"column":3}},"locations":[{"start":{"line":52,"column":2},"end":{"line":56,"column":3}}]},"12":{"type":"branch","line":52,"loc":{"start":{"line":52,"column":2},"end":{"line":54,"column":28}},"locations":[{"start":{"line":52,"column":2},"end":{"line":54,"column":28}}]},"13":{"type":"branch","line":54,"loc":{"start":{"line":54,"column":28},"end":{"line":56,"column":3}},"locations":[{"start":{"line":54,"column":28},"end":{"line":56,"column":3}}]},"14":{"type":"branch","line":56,"loc":{"start":{"line":56,"column":2},"end":{"line":59,"column":2}},"locations":[{"start":{"line":56,"column":2},"end":{"line":59,"column":2}}]}},"b":{"0":[35],"1":[35],"2":[13],"3":[13],"4":[2],"5":[1],"6":[1],"7":[1],"8":[1],"9":[10],"10":[3],"11":[8],"12":[7],"13":[5],"14":[2]},"fnMap":{"0":{"name":"<instance_members_initializer>","decl":{"start":{"line":6,"column":7},"end":{"line":47,"column":1}},"loc":{"start":{"line":6,"column":7},"end":{"line":47,"column":1}},"line":6},"1":{"name":"BTPErrorException","decl":{"start":{"line":11,"column":2},"end":{"line":32,"column":3}},"loc":{"start":{"line":11,"column":2},"end":{"line":32,"column":3}},"line":11},"2":{"name":"toJSON","decl":{"start":{"line":37,"column":2},"end":{"line":46,"column":3}},"loc":{"start":{"line":37,"column":2},"end":{"line":46,"column":3}},"line":37},"3":{"name":"transformToBTPErrorException","decl":{"start":{"line":49,"column":44},"end":{"line":59,"column":2}},"loc":{"start":{"line":49,"column":44},"end":{"line":59,"column":2}},"line":49}},"f":{"0":35,"1":35,"2":2,"3":10}}
,"/Volumes/App/btps-sdk/src/core/server/schema.ts": {"path":"/Volumes/App/btps-sdk/src/core/server/schema.ts","all":false,"statementMap":{"0":{"start":{"line":1,"column":0},"end":{"line":1,"column":24}},"1":{"start":{"line":2,"column":0},"end":{"line":2,"column":58}},"2":{"start":{"line":3,"column":0},"end":{"line":3,"column":57}},"4":{"start":{"line":5,"column":0},"end":{"line":5,"column":38}},"5":{"start":{"line":6,"column":0},"end":{"line":6,"column":38}},"6":{"start":{"line":7,"column":0},"end":{"line":7,"column":27}},"7":{"start":{"line":8,"column":0},"end":{"line":8,"column":17}},"8":{"start":{"line":9,"column":0},"end":{"line":9,"column":58}},"9":{"start":{"line":10,"column":0},"end":{"line":10,"column":3}},"11":{"start":{"line":12,"column":0},"end":{"line":12,"column":37}},"12":{"start":{"line":13,"column":0},"end":{"line":13,"column":33}},"13":{"start":{"line":14,"column":0},"end":{"line":14,"column":20}},"14":{"start":{"line":15,"column":0},"end":{"line":15,"column":26}},"15":{"start":{"line":16,"column":0},"end":{"line":16,"column":3}},"17":{"start":{"line":18,"column":0},"end":{"line":18,"column":39}},"18":{"start":{"line":19,"column":0},"end":{"line":19,"column":19}},"19":{"start":{"line":20,"column":0},"end":{"line":20,"column":28}},"20":{"start":{"line":21,"column":0},"end":{"line":21,"column":21}},"21":{"start":{"line":22,"column":0},"end":{"line":22,"column":20}},"22":{"start":{"line":23,"column":0},"end":{"line":23,"column":33}},"23":{"start":{"line":24,"column":0},"end":{"line":24,"column":39}},"24":{"start":{"line":25,"column":0},"end":{"line":25,"column":37}},"25":{"start":{"line":26,"column":0},"end":{"line":26,"column":42}},"26":{"start":{"line":27,"column":0},"end":{"line":27,"column":33}},"27":{"start":{"line":28,"column":0},"end":{"line":28,"column":46}},"28":{"start":{"line":29,"column":0},"end":{"line":29,"column":72}},"29":{"start":{"line":30,"column":0},"end":{"line":30,"column":3}},"31":{"start":{"line":32,"column":0},"end":{"line":32,"column":39}},"32":{"start":{"line":33,"column":0},"end":{"line":33,"column":56}},"33":{"start":{"line":34,"column":0},"end":{"line":34,"column":35}},"34":{"start":{"line":35,"column":0},"end":{"line":35,"column":24}},"35":{"start":{"line":36,"column":0},"end":{"line":36,"column":46}},"36":{"start":{"line":37,"column":0},"end":{"line":37,"column":51}},"37":{"start":{"line":38,"column":0},"end":{"line":38,"column":33}},"38":{"start":{"line":39,"column":0},"end":{"line":39,"column":72}},"39":{"start":{"line":40,"column":0},"end":{"line":40,"column":3}},"41":{"start":{"line":42,"column":0},"end":{"line":42,"column":38}},"42":{"start":{"line":43,"column":0},"end":{"line":43,"column":32}},"43":{"start":{"line":44,"column":0},"end":{"line":44,"column":63}},"44":{"start":{"line":45,"column":0},"end":{"line":45,"column":34}},"45":{"start":{"line":46,"column":0},"end":{"line":46,"column":3}},"47":{"start":{"line":48,"column":0},"end":{"line":48,"column":38}},"48":{"start":{"line":49,"column":0},"end":{"line":49,"column":20}},"49":{"start":{"line":50,"column":0},"end":{"line":50,"column":17}},"50":{"start":{"line":51,"column":0},"end":{"line":51,"column":34}},"51":{"start":{"line":52,"column":0},"end":{"line":52,"column":72}},"52":{"start":{"line":53,"column":0},"end":{"line":53,"column":42}},"53":{"start":{"line":54,"column":0},"end":{"line":54,"column":43}},"54":{"start":{"line":55,"column":0},"end":{"line":55,"column":47}},"55":{"start":{"line":56,"column":0},"end":{"line":56,"column":47}},"56":{"start":{"line":57,"column":0},"end":{"line":57,"column":25}},"57":{"start":{"line":58,"column":0},"end":{"line":58,"column":22}},"58":{"start":{"line":59,"column":0},"end":{"line":59,"column":37}},"59":{"start":{"line":60,"column":0},"end":{"line":60,"column":5}},"60":{"start":{"line":61,"column":0},"end":{"line":61,"column":23}},"61":{"start":{"line":62,"column":0},"end":{"line":62,"column":33}},"62":{"start":{"line":63,"column":0},"end":{"line":63,"column":63}},"63":{"start":{"line":64,"column":0},"end":{"line":64,"column":5}},"64":{"start":{"line":65,"column":0},"end":{"line":65,"column":11}},"65":{"start":{"line":66,"column":0},"end":{"line":66,"column":13}},"66":{"start":{"line":67,"column":0},"end":{"line":67,"column":23}},"67":{"start":{"line":68,"column":0},"end":{"line":68,"column":43}},"68":{"start":{"line":69,"column":0},"end":{"line":69,"column":35}},"69":{"start":{"line":70,"column":0},"end":{"line":70,"column":6}},"70":{"start":{"line":71,"column":0},"end":{"line":71,"column":16}},"71":{"start":{"line":72,"column":0},"end":{"line":72,"column":16}},"72":{"start":{"line":73,"column":0},"end":{"line":73,"column":13}},"73":{"start":{"line":74,"column":0},"end":{"line":74,"column":27}},"74":{"start":{"line":75,"column":0},"end":{"line":75,"column":28}},"75":{"start":{"line":76,"column":0},"end":{"line":76,"column":6}},"76":{"start":{"line":77,"column":0},"end":{"line":77,"column":16}},"77":{"start":{"line":78,"column":0},"end":{"line":78,"column":37}},"78":{"start":{"line":79,"column":0},"end":{"line":79,"column":45}},"79":{"start":{"line":80,"column":0},"end":{"line":80,"column":13}},"80":{"start":{"line":81,"column":0},"end":{"line":81,"column":13}},"81":{"start":{"line":82,"column":0},"end":{"line":82,"column":23}},"82":{"start":{"line":83,"column":0},"end":{"line":83,"column":34}},"83":{"start":{"line":84,"column":0},"end":{"line":84,"column":6}},"84":{"start":{"line":85,"column":0},"end":{"line":85,"column":16}},"85":{"start":{"line":86,"column":0},"end":{"line":86,"column":3}},"87":{"start":{"line":88,"column":0},"end":{"line":88,"column":34}},"88":{"start":{"line":89,"column":0},"end":{"line":89,"column":11}},"89":{"start":{"line":90,"column":0},"end":{"line":90,"column":24}},"90":{"start":{"line":91,"column":0},"end":{"line":91,"column":36}},"91":{"start":{"line":92,"column":0},"end":{"line":92,"column":63}},"92":{"start":{"line":93,"column":0},"end":{"line":93,"column":19}},"93":{"start":{"line":94,"column":0},"end":{"line":94,"column":37}},"94":{"start":{"line":95,"column":0},"end":{"line":95,"column":100}},"95":{"start":{"line":96,"column":0},"end":{"line":96,"column":96}},"96":{"start":{"line":97,"column":0},"end":{"line":97,"column":34}},"97":{"start":{"line":98,"column":0},"end":{"line":98,"column":47}},"98":{"start":{"line":99,"column":0},"end":{"line":99,"column":4}},"99":{"start":{"line":100,"column":0},"end":{"line":100,"column":31}},"100":{"start":{"line":101,"column":0},"end":{"line":101,"column":26}},"102":{"start":{"line":103,"column":0},"end":{"line":103,"column":46}},"103":{"start":{"line":104,"column":0},"end":{"line":104,"column":22}},"104":{"start":{"line":105,"column":0},"end":{"line":105,"column":38}},"105":{"start":{"line":106,"column":0},"end":{"line":106,"column":63}},"106":{"start":{"line":107,"column":0},"end":{"line":107,"column":29}},"107":{"start":{"line":108,"column":0},"end":{"line":108,"column":11}},"108":{"start":{"line":109,"column":0},"end":{"line":109,"column":7}},"109":{"start":{"line":110,"column":0},"end":{"line":110,"column":12}},"111":{"start":{"line":112,"column":0},"end":{"line":112,"column":17}},"112":{"start":{"line":113,"column":0},"end":{"line":113,"column":26}},"113":{"start":{"line":114,"column":0},"end":{"line":114,"column":34}},"114":{"start":{"line":115,"column":0},"end":{"line":115,"column":40}},"115":{"start":{"line":116,"column":0},"end":{"line":116,"column":16}},"116":{"start":{"line":117,"column":0},"end":{"line":117,"column":33}},"117":{"start":{"line":118,"column":0},"end":{"line":118,"column":40}},"118":{"start":{"line":119,"column":0},"end":{"line":119,"column":16}},"119":{"start":{"line":120,"column":0},"end":{"line":120,"column":23}},"120":{"start":{"line":121,"column":0},"end":{"line":121,"column":39}},"121":{"start":{"line":122,"column":0},"end":{"line":122,"column":16}},"122":{"start":{"line":123,"column":0},"end":{"line":123,"column":16}},"123":{"start":{"line":124,"column":0},"end":{"line":124,"column":24}},"124":{"start":{"line":125,"column":0},"end":{"line":125,"column":7}},"125":{"start":{"line":126,"column":0},"end":{"line":126,"column":64}},"126":{"start":{"line":127,"column":0},"end":{"line":127,"column":22}},"127":{"start":{"line":128,"column":0},"end":{"line":128,"column":38}},"128":{"start":{"line":129,"column":0},"end":{"line":129,"column":68}},"129":{"start":{"line":130,"column":0},"end":{"line":130,"column":29}},"130":{"start":{"line":131,"column":0},"end":{"line":131,"column":11}},"131":{"start":{"line":132,"column":0},"end":{"line":132,"column":7}},"132":{"start":{"line":133,"column":0},"end":{"line":133,"column":5}},"133":{"start":{"line":134,"column":0},"end":{"line":134,"column":5}}},"s":{"0":1,"1":1,"2":1,"4":1,"5":1,"6":1,"7":1,"8":1,"9":1,"11":1,"12":1,"13":1,"14":1,"15":1,"17":1,"18":1,"19":1,"20":1,"21":1,"22":1,"23":1,"24":1,"25":1,"26":1,"27":1,"28":1,"29":1,"31":1,"32":1,"33":1,"34":1,"35":1,"36":1,"37":1,"38":1,"39":1,"41":1,"42":1,"43":1,"44":1,"45":1,"47":1,"48":1,"49":1,"50":1,"51":1,"52":1,"53":1,"54":1,"55":1,"56":1,"57":1,"58":1,"59":1,"60":1,"61":1,"62":1,"63":1,"64":1,"65":1,"66":1,"67":1,"68":1,"69":1,"70":1,"71":1,"72":1,"73":1,"74":1,"75":1,"76":1,"77":1,"78":1,"79":1,"80":1,"81":1,"82":1,"83":1,"84":1,"85":1,"87":1,"88":1,"89":1,"90":1,"91":1,"92":1,"93":1,"94":1,"95":1,"96":1,"97":1,"98":1,"99":1,"100":4,"102":2,"103":1,"104":1,"105":1,"106":1,"107":1,"108":1,"109":2,"111":2,"112":2,"113":2,"114":0,"115":0,"116":2,"117":2,"118":2,"119":2,"120":0,"121":0,"122":2,"123":0,"124":2,"125":2,"126":1,"127":1,"128":1,"129":1,"130":1,"131":1,"132":2,"133":4},"branchMap":{"0":{"type":"branch","line":100,"loc":{"start":{"line":100,"column":15},"end":{"line":134,"column":5}},"locations":[{"start":{"line":100,"column":15},"end"
[...]
"end":{"line":70,"column":5}},"70":{"start":{"line":71,"column":0},"end":{"line":71,"column":3}},"75":{"start":{"line":76,"column":0},"end":{"line":76,"column":100}},"76":{"start":{"line":77,"column":0},"end":{"line":77,"column":37}},"77":{"start":{"line":78,"column":0},"end":{"line":78,"column":78}},"78":{"start":{"line":79,"column":0},"end":{"line":79,"column":5}},"80":{"start":{"line":81,"column":0},"end":{"line":81,"column":55}},"82":{"start":{"line":83,"column":0},"end":{"line":83,"column":39}},"83":{"start":{"line":84,"column":0},"end":{"line":84,"column":11}},"84":{"start":{"line":85,"column":0},"end":{"line":85,"column":53}},"87":{"start":{"line":88,"column":0},"end":{"line":88,"column":43}},"88":{"start":{"line":89,"column":0},"end":{"line":89,"column":35}},"89":{"start":{"line":90,"column":0},"end":{"line":90,"column":9}},"90":{"start":{"line":91,"column":0},"end":{"line":91,"column":23}},"91":{"start":{"line":92,"column":0},"end":{"line":92,"column":98}},"92":{"start":{"line":93,"column":0},"end":{"line":93,"column":7}},"93":{"start":{"line":94,"column":0},"end":{"line":94,"column":7}},"96":{"start":{"line":97,"column":0},"end":{"line":97,"column":43}},"97":{"start":{"line":98,"column":0},"end":{"line":98,"column":62}},"98":{"start":{"line":99,"column":0},"end":{"line":99,"column":62}},"99":{"start":{"line":100,"column":0},"end":{"line":100,"column":35}},"100":{"start":{"line":101,"column":0},"end":{"line":101,"column":7}},"101":{"start":{"line":102,"column":0},"end":{"line":102,"column":3}},"106":{"start":{"line":107,"column":0},"end":{"line":107,"column":39}},"107":{"start":{"line":108,"column":0},"end":{"line":108,"column":16}},"108":{"start":{"line":109,"column":0},"end":{"line":109,"column":18}},"109":{"start":{"line":110,"column":0},"end":{"line":110,"column":41}},"110":{"start":{"line":111,"column":0},"end":{"line":111,"column":40}},"111":{"start":{"line":112,"column":0},"end":{"line":112,"column":79}},"112":{"start":{"line":113,"column":0},"end":{"line":113,"column":5}},"114":{"start":{"line":115,"column":0},"end":{"line":115,"column":50}},"116":{"start":{"line":117,"column":0},"end":{"line":117,"column":79}},"117":{"start":{"line":118,"column":0},"end":{"line":118,"column":35}},"118":{"start":{"line":119,"column":0},"end":{"line":119,"column":72}},"119":{"start":{"line":120,"column":0},"end":{"line":120,"column":9}},"120":{"start":{"line":121,"column":0},"end":{"line":121,"column":5}},"122":{"start":{"line":123,"column":0},"end":{"line":123,"column":8}},"123":{"start":{"line":124,"column":0},"end":{"line":124,"column":25}},"124":{"start":{"line":125,"column":0},"end":{"line":125,"column":98}},"125":{"start":{"line":126,"column":0},"end":{"line":126,"column":24}},"126":{"start":{"line":127,"column":0},"end":{"line":127,"column":7}},"127":{"start":{"line":128,"column":0},"end":{"line":128,"column":7}},"128":{"start":{"line":129,"column":0},"end":{"line":129,"column":84}},"129":{"start":{"line":130,"column":0},"end":{"line":130,"column":5}},"131":{"start":{"line":132,"column":0},"end":{"line":132,"column":51}},"132":{"start":{"line":133,"column":0},"end":{"line":133,"column":90}},"133":{"start":{"line":134,"column":0},"end":{"line":134,"column":5}},"136":{"start":{"line":137,"column":0},"end":{"line":137,"column":9}},"139":{"start":{"line":140,"column":0},"end":{"line":140,"column":42}},"140":{"start":{"line":141,"column":0},"end":{"line":141,"column":37}},"141":{"start":{"line":142,"column":0},"end":{"line":142,"column":91}},"142":{"start":{"line":143,"column":0},"end":{"line":143,"column":11}},"143":{"start":{"line":144,"column":0},"end":{"line":144,"column":7}},"144":{"start":{"line":145,"column":0},"end":{"line":145,"column":21}},"145":{"start":{"line":146,"column":0},"end":{"line":146,"column":35}},"146":{"start":{"line":147,"column":0},"end":{"line":147,"column":66}},"147":{"start":{"line":148,"column":0},"end":{"line":148,"column":9}},"148":{"start":{"line":149,"column":0},"end":{"line":149,"column":5}},"150":{"start":{"line":151,"column":0},"end":{"line":151,"column":8}},"151":{"start":{"line":152,"column":0},"end":{"line":152,"column":42}},"152":{"start":{"line":153,"column":0},"end":{"line":153,"column":49}},"153":{"start":{"line":154,"column":0},"end":{"line":154,"column":49}},"154":{"start":{"line":155,"column":0},"end":{"line":155,"column":32}},"155":{"start":{"line":156,"column":0},"end":{"line":156,"column":7}},"156":{"start":{"line":157,"column":0},"end":{"line":157,"column":35}},"157":{"start":{"line":158,"column":0},"end":{"line":158,"column":70}},"158":{"start":{"line":159,"column":0},"end":{"line":159,"column":9}},"159":{"start":{"line":160,"column":0},"end":{"line":160,"column":5}},"160":{"start":{"line":161,"column":0},"end":{"line":161,"column":3}},"165":{"start":{"line":166,"column":0},"end":{"line":166,"column":75}},"166":{"start":{"line":167,"column":0},"end":{"line":167,"column":12}},"167":{"start":{"line":168,"column":0},"end":{"line":168,"column":24}},"168":{"start":{"line":169,"column":0},"end":{"line":169,"column":35}},"169":{"start":{"line":170,"column":0},"end":{"line":170,"column":31}},"170":{"start":{"line":171,"column":0},"end":{"line":171,"column":60}},"172":{"start":{"line":173,"column":0},"end":{"line":173,"column":3}},"177":{"start":{"line":178,"column":0},"end":{"line":178,"column":67}},"178":{"start":{"line":179,"column":0},"end":{"line":179,"column":82}},"179":{"start":{"line":180,"column":0},"end":{"line":180,"column":3}},"184":{"start":{"line":185,"column":0},"end":{"line":185,"column":46}},"185":{"start":{"line":186,"column":0},"end":{"line":186,"column":32}},"186":{"start":{"line":187,"column":0},"end":{"line":187,"column":3}},"191":{"start":{"line":192,"column":0},"end":{"line":192,"column":23}},"192":{"start":{"line":193,"column":0},"end":{"line":193,"column":38}},"193":{"start":{"line":194,"column":0},"end":{"line":194,"column":3}},"198":{"start":{"line":199,"column":0},"end":{"line":199,"column":40}},"199":{"start":{"line":200,"column":0},"end":{"line":200,"column":44}},"200":{"start":{"line":201,"column":0},"end":{"line":201,"column":11}},"201":{"start":{"line":202,"column":0},"end":{"line":202,"column":50}},"202":{"start":{"line":203,"column":0},"end":{"line":203,"column":23}},"203":{"start":{"line":204,"column":0},"end":{"line":204,"column":81}},"204":{"start":{"line":205,"column":0},"end":{"line":205,"column":7}},"205":{"start":{"line":206,"column":0},"end":{"line":206,"column":5}},"206":{"start":{"line":207,"column":0},"end":{"line":207,"column":3}},"211":{"start":{"line":212,"column":0},"end":{"line":212,"column":39}},"212":{"start":{"line":213,"column":0},"end":{"line":213,"column":43}},"213":{"start":{"line":214,"column":0},"end":{"line":214,"column":11}},"214":{"start":{"line":215,"column":0},"end":{"line":215,"column":49}},"215":{"start":{"line":216,"column":0},"end":{"line":216,"column":23}},"216":{"start":{"line":217,"column":0},"end":{"line":217,"column":80}},"217":{"start":{"line":218,"column":0},"end":{"line":218,"column":7}},"218":{"start":{"line":219,"column":0},"end":{"line":219,"column":5}},"219":{"start":{"line":220,"column":0},"end":{"line":220,"column":3}},"220":{"start":{"line":221,"column":0},"end":{"line":221,"column":1}}},"s":{"0":1,"1":1,"10":1,"11":1,"13":1,"14":25,"15":25,"18":25,"20":25,"21":25,"22":17,"23":17,"24":25,"29":25,"30":8,"32":8,"34":8,"36":5,"38":5,"39":5,"41":6,"42":0,"43":0,"45":5,"47":6,"49":0,"50":0,"51":0,"52":0,"53":0,"54":6,"56":5,"57":5,"58":0,"59":0,"60":0,"61":0,"63":5,"64":6,"65":0,"66":0,"67":0,"68":0,"69":0,"70":8,"75":25,"76":5,"77":0,"78":0,"80":5,"82":5,"83":7,"84":7,"87":7,"88":5,"89":5,"90":7,"91":2,"92":2,"93":5,"96":5,"97":4,"98":4,"99":4,"100":5,"101":5,"106":25,"107":7,"108":7,"109":7,"110":7,"111":0,"112":0,"114":7,"116":7,"117":1,"118":1,"119":1,"120":1,"122":6,"123":6,"124":6,"125":6,"126":6,"127":7,"128":0,"129":0,"131":7,"132":1,"133":1,"136":5,"139":7,"140":0,"141":0,"142":0,"143":0,"144":7,"145":0,"146":0,"147":0,"148":0,"150":5,"151":5,"152":5,"153":5,"154":5,"155":7,"156":0,"157":0,"158":0,"159":0,"160":7,"165":25,"166":5,"167":5,"168":5,"169":5,"170":0,"172":5,"177":25,"178":2,"179":2,"184":25,"185":5,"186":5,"191":25,"192":0,"193":0,"198":25,"199":3,"200":0,"201":0,"202":0,"203":0,"204":0,"205":0,"206":3,"211":25,"212":2,"213":0,"214":0,"215":0,"216":0,"217":0,"218":0,"219":2,"220":25},"branchMap":{"0":{"type":"branch","line":14,"loc":{"start":{"line":14,"column":7},"end":{"line":221,"column":1}},"locations":[{"start":{"line":14,"column":7},"end":{"line":221,"column":1}}]},"1":{"type":"branch","line":21,"loc":{"start":{"line":21,"column":2},"end":{"line":25,"column":3}},"locations":[{"start":{"line":21,"column":2},"end":{"line":25,"column":3}}]},"2":{"type":"branch","line":22,"loc":{"start":{"line":22,"column":33},"end":{"line":24,"column":5}},"locations":[{"start":{"line":22,"column":33},"end":{"line":24,"column":5}}]},"3":{"type":"branch","line":30,"loc":{"start":{"line":30,"column":2},"end":{"line":71,"column":3}},"locations":[{"start":{"line":30,"column":2},"end":{"line":71,"column":3}}]},"4":{"type":"branch","line":31,"loc":{"start":{"line":31,"column":30},"end":{"line":31,"column":37}},"locations":[{"start":{"line":31,"column":30},"end":{"line":31,"column":37}}]},"5":{"type":"branch","line":35,"loc":{"start":{"line":35,"column":35},"end":{"line":35,"column":42}},"locations":[{"start":{"line":35,"column":35},"end":{"line":35,"column":42}}]},"6":{"type":"branch","line":35,"loc":{"start":{"line":35,"column":35},"end":{"line":70,"column":5}},"locations":[{"start":{"line":35,"column":35},"end":{"line":70,"column":5}}]},"7":{"type":"branch","line":35,"loc":{"start":{"line":35,"column":35},"end":{"line":42,"column":50}},"locations":[{"start":{"line":35,"column":35},"end":{"line":42,"column":50}}]},"8":{"type":"branch","line":42,"loc":{"start":{"line":42,"column":50},"end":{"line":44,"column":7}},"locations":[{"start":{"line":42,"column":50},"end":{"line":44,"column":7}}]},"9":{"type":"branch","line":44,"loc":{"start":{"line":44,"column":6},"end":{"line":48,"column":43}},"locations":[{"start":{"line":44,"column":6},"end":{"line":48,"column":43}}]},"10":{"type":"branch","line":48,"loc":{"start":{"line":48,"column":43},"end":{"line":55,"column":17}},"locations":[{"start":{"line":48,"column":43},"end":{"line":55,"column":17}}]},"11":{"type":"branch","line":55,"loc":{"start":{"line":55,"column":6},"end":{"line":65,"column":13}},"locations":[{"start":{"line":55,"column":6},"end":{"line":65,"column":13}}]},"12":{"type":"branch","line":58,"loc":{"start":{"line":58,"column":6},"end":{"line":62,"column":7}},"locations":[{"start":{"line":58,"column":6},"end":{"line":62,"column":7}}]},"13":{"type":"branch","line":65,"loc":{"start":{"line":65,"column":4},"end":{"line":70,"column":5}},"locations":[{"start":{"line":65,"column":4},"end":{"line":70,"column":5}}]},"14":{"type":"branch","line":76,"loc":{"start":{"line":76,"column":10},"end":{"line":102,"column":3}},"locations":[{"start":{"line":76,"column":10},"end":{"line":102,"column":3}}]},"15":{"type":"branch","line":77,"loc":{"start":{"line":77,"column":36},"end":{"line":79,"column":5}},"locations":[{"start":{"line":77,"column":36},"end":{"line":79,"column":5}}]},"16":{"type":"branch","line":83,"loc":{"start":{"line":83,"column":23},"end":{"line":94,"column":5}},"locations":[{"start":{"line":83,"column":23},"end":{"line":94,"column":5}}]},"17":{"type":"branch","line":88,"loc":{"start":{"line":88,"column":15},"end":{"line":88,"column":35}},"locations":[{"start":{"line":88,"column":15},"end":{"line":88,"column":35}}]},"18":{"type":"branch","line":88,"loc":{"start":{"line":88,"column":42},"end":{"line":90,"column":9}},"locations":[{"start":{"line":88,"column":42},"end":{"line":90,"column":9}}]},"19":{"type":"branch","line":91,"loc":{"start":{"line":91,"column":6},"end":{"line":93,"column":7}},"locations":[{"start":{"line":91,"column":6},"end":{"line":93,"column":7}}]},"20":{"type":"branch","line":97,"loc":{"start":{"line":97,"column":32},"end":{"line":101,"column":5}},"locations":[{"start":{"line":97,"column":32},"end":{"line":101,"column":5}}]},"21":{"type":"branch","line":98,"loc":{"start":{"line":98,"column":26},"end":{"line":98,"column":62}},"locations":[{"start":{"line":98,"column":26},"end":{"line":98,"column":62}}]},"22":{"type":"branch","line":99,"loc":{"start":{"line":99,"column":26},"end":{"line":99,"column":62}},"locations":[{"start":{"line":99,"column":26},"end":{"line":99,"column":62}}]},"23":{"type":"branch","line":107,"loc":{"start":{"line":107,"column":10},"end":{"line":161,"column":3}},"locations":[{"start":{"line":107,"column":10},"end":{"line":161,"column":3}}]},"24":{"type":"branch","line":111,"loc":{"start":{"line":111,"column":39},"end":{"line":113,"column":5}},"locations":[{"start":{"line":111,"column":39},"end":{"line":113,"column":5}}]},"25":{"type":"branch","line":117,"loc":{"start":{"line":117,"column":78},"end":{"line":121,"column":5}},"locations":[{"start":{"line":117,"column":78},"end":{"line":121,"column":5}}]},"26":{"type":"branch","line":121,"loc":{"start":{"line":121,"column":4},"end":{"line":127,"column":7}},"locations":[{"start":{"line":121,"column":4},"end":{"line":127,"column":7}}]},"27":{"type":"branch","line":128,"loc":{"start":{"line":128,"column":6},"end":{"line":130,"column":5}},"locations":[{"start":{"line":128,"column":6},"end":{"line":130,"column":5}}]},"28":{"type":"branch","line":130,"loc":{"start":{"line":130,"column":4},"end":{"line":132,"column":50}},"locations":[{"start":{"line":130,"column":4},"end":{"line":132,"column":50}}]},"29":{"type":"branch","line":132,"loc":{"start":{"line":132,"column":50},"end":{"line":134,"column":5}},"locations":[{"start":{"line":132,"column":50},"end":{"line":134,"column":5}}]},"30":{"type":"branch","line":134,"loc":{"start":{"line":134,"column":4},"end":{"line":140,"column":41}},"locations":[{"start":{"line":134,"column":4},"end":{"line":140,"column":41}}]},"31":{"type":"branch","line":140,"loc":{"start":{"line":140,"column":41},"end":{"line":144,"column":7}},"locations":[{"start":{"line":140,"column":41},"end":{"line":144,"column":7}}]},"32":{"type":"branch","line":145,"loc":{"start":{"line":145,"column":4},"end":{"line":149,"column":5}},"locations":[{"start":{"line":145,"column":4},"end":{"line":149,"column":5}}]},"33":{"type":"branch","line":149,"loc":{"start":{"line":149,"column":4},"end":{"line":155,"column":32}},"locations":[{"start":{"line":149,"column":4},"end":{"line":155,"column":32}}]},"34":{"type":"branch","line":156,"loc":{"start":{"line":156,"column":6},"end":{"line":160,"column":5}},"locations":[{"start":{"line":156,"column":6},"end":{"line":160,"column":5}}]},"35":{"type":"branch","line":166,"loc":{"start":{"line":166,"column":10},"end":{"line":173,"column":3}},"locations":[{"start":{"line":166,"column":10},"end":{"line":173,"column":3}}]},"36":{"type":"branch","line":170,"loc":{"start":{"line":170,"column":22},"end":{"line":171,"column":60}},"locations":[{"start":{"line":170,"column":22},"end":{"line":171,"column":60}}]},"37":{"type":"branch","line":178,"loc":{"start":{"line":178,"column":2},"end":{"line":180,"column":3}},"locations":[{"start":{"line":178,"column":2},"end":{"line":180,"column":3}}]},"38":{"type":"branch","line":179,"loc":{"start":{"line":179,"column":34},"end":{"line":179,"column":80}},"locations":[{"start":{"line":179,"column":34},"end":{"line":179,"column":80}}]},"39":{"type":"branch","line":185,"loc":{"start":{"line":185,"column":2},"end":{"line":187,"column":3}},"locations":[{"start":{"line":185,"column":2},"end":{"line":187,"column":3}}]},"40":{"type":"branch","line":199,"loc":{"start":{"line":199,"column":2},"end":{"line":207,"column":3}},"locations":[{"start":{"line":199,"column":2},"end":{"line":207,"column":3}}]},"41":{"type":"branch","line":200,"loc":{"start":{"line":200,"column":43},"end":{"line":206,"column":5}},"locations":[{"start":{"line":200,"column":43},"end":{"line":206,"column":5}}]},"42":{"type":"branch","line":212,"loc":{"start":{"line":212,"column":2},"end":{"line":220,"column":3}},"locations":[{"start":{"line":212,"column":2},"end":{"line":220,"column":3}}]},"43":{"type":"branch","line":213,"loc":{"start":{"line":213,"column":42},"end":{"line":219,"column":5}},"locations":[{"start":{"line":213,"column":42},"end":{"line":219,"column":5}}]}},"b":{"0":[25],"1":[25],"2":[17],"3":[8],"4":[0],"5":[3],"6":[6],"7":[5],"8":[0],"9":[5],"10":[0],"11":[5],"12":[0],"13":[0],"14":[5],"15":[0],"16":[7],"17":[5],"18":[5],"19":[2],"20":[4],"21":[0],"22":[0],"23":[7],"24":[0],"25":[1],"26":[6],"27":[0],"28":[6],"29":[1],"30":[5],"31":[0],"32":[0],"33":[5],"34":[0],"35":[5],"36":[0],"37":[2],"38":[1],"39":[5],"40":[3],"41":[0],"42":[2],"43":[0]},"fnMap":{"0":{"name":"<instance_members_initializer>","decl":{"start":{"line":14,"column":7},"end":{"line":221,"column":1}},"loc":{"start":{"line":14,"column":7},"end":{"line":221,"column":1}},"line":14},"1":{"name":"MiddlewareManager","decl":{"start":{"line":21,"column":2},"end":{"line":25,"column":3}},"loc":{"start":{"line":21,"column":2},"end":{"line":25,"column":3}},"line":21},"2":{"name":"loadMiddleware","decl":{"start":{"line":30,"column":2},"end":{"line":71,"column":3}},"loc":{"start":{"line":30,"column":2},"end":{"line":71,"column":3}},"line":30},"3":{"name":"validateAndSortMiddleware","decl":{"start":{"line":76,"column":10},"end":{"line":102,"column":3}},"loc":{"start":{"line":76,"column":10},"end":{"line":102,"column":3}},"line":76},"4":{"name":"validateMiddlewareDefinition","decl":{"start":{"line":107,"column":10},"end":{"line":161,"column":3}},"loc":{"start":{"line":107,"column":10},"end":{"line":161,"column":3}},"line":107},"5":{"name":"isMiddlewareModule","decl":{"start":{"line":166,"column":10},"end":{"line":173,"column":3}},"loc":{"start":{"line":166,"column":10},"end":{"line":173,"column":3}},"line":166},"6":{"name":"getMiddleware","decl":{"start":{"line":178,"column":2},"end":{"line":180,"column":3}},"loc":{"start":{"line":178,"column":2},"end":{"line":180,"column":3}},"line":178},"7":{"name":"getAllMiddleware","decl":{"start":{"line":185,"column":2},"end":{"line":187,"column":3}},"loc":{"start":{"line":185,"column":2},"end":{"line":187,"column":3}},"line":185},"8":{"name":"getLifecycleHooks","decl":{"start":{"line":192,"column":2},"end":{"line":194,"column":3}},"loc":{"start":{"line":192,"column":2},"end":{"line":194,"column":3}},"line":192},"9":{"name":"onServerStart","decl":{"start":{"line":199,"column":2},"end":{"line":207,"column":3}},"loc":{"start":{"line":199,"column":2},"end":{"line":207,"column":3}},"line":199},"10":{"name":"onServerStop","decl":{"start":{"line":212,"column":2},"end":{"line":220,"column":3}},"loc":{"start":{"line":212,"column":2},"end":{"line":220,"column":3}},"line":212}},"f":{"0":25,"1":25,"2":8,"3":5,"4":7,"5":5,"6":2,"7":5,"8":0,"9":3,"10":2}}
,"/Volumes/App/btps-sdk/src/server/libs/type.ts": {"path":"/Volumes/App/btps-sdk/src/server/libs/type.ts","all":true,"statementMap":{},"s":{},"branchMap":{"0":{"type":"branch","line":1,"loc":{"start":{"line":1,"column":402},"end":{"line":16,"column":1}},"locations":[{"start":{"line":1,"column":402},"end":{"line":16,"column":1}}]}},"b":{"0":[1]},"fnMap":{"0":{"name":"(empty-report)","decl":{"start":{"line":1,"column":402},"end":{"line":16,"column":1}},"loc":{"start":{"line":1,"column":402},"end":{"line":16,"column":1}},"line":1}},"f":{"0":1}}
,"/Volumes/App/btps-sdk/src/server/types/index.ts": {"path":"/Volumes/App/btps-sdk/src/server/types/index.ts","all":true,"statementMap":{},"s":{},"branchMap":{"0":{"type":"branch","line":1,"loc":{"start":{"line":1,"column":6593},"end":{"line":198,"column":1}},"locations":[{"start":{"line":1,"column":6593},"end":{"line":198,"column":1}}]}},"b":{"0":[1]},"fnMap":{"0":{"name":"(empty-report)","decl":{"start":{"line":1,"column":6593},"end":{"line":198,"column":1}},"loc":{"start":{"line":1,"column":6593},"end":{"line":198,"column":1}},"line":1}},"f":{"0":1}}
}
